<?xml version="1.0" encoding="UTF-8"?>
<coverage generated="1721368946646" clover="3.2.0">
  <project timestamp="1721368946646" name="All files">
    <metrics statements="281" coveredstatements="209" conditionals="150" coveredconditionals="73" methods="129" coveredmethods="91" elements="560" coveredelements="373" complexity="0" loc="281" ncloc="281" packages="2" files="7" classes="7"/>
    <package name="src">
      <metrics statements="269" coveredstatements="199" conditionals="148" coveredconditionals="71" methods="122" coveredmethods="90"/>
      <file name="autocompete-field-service.ts" path="/app/packages/mobx-form/src/autocompete-field-service.ts">
        <metrics statements="43" coveredstatements="25" conditionals="14" coveredconditionals="0" methods="20" coveredmethods="14"/>
        <line num="1" count="1" type="stmt"/>
        <line num="2" count="1" type="stmt"/>
        <line num="5" count="1" type="stmt"/>
        <line num="6" count="11" type="stmt"/>
        <line num="7" count="11" type="stmt"/>
        <line num="10" count="11" type="stmt"/>
        <line num="12" count="11" type="stmt"/>
        <line num="16" count="0" type="stmt"/>
        <line num="20" count="11" type="stmt"/>
        <line num="23" count="11" type="cond" truecount="0" falsecount="3"/>
        <line num="24" count="0" type="cond" truecount="0" falsecount="2"/>
        <line num="25" count="0" type="stmt"/>
        <line num="26" count="0" type="stmt"/>
        <line num="28" count="0" type="stmt"/>
        <line num="29" count="0" type="stmt"/>
        <line num="31" count="0" type="cond" truecount="0" falsecount="4"/>
        <line num="32" count="0" type="cond" truecount="0" falsecount="4"/>
        <line num="34" count="0" type="stmt"/>
        <line num="35" count="0" type="stmt"/>
        <line num="38" count="0" type="stmt"/>
        <line num="39" count="0" type="stmt"/>
        <line num="42" count="0" type="cond" truecount="0" falsecount="1"/>
        <line num="43" count="0" type="stmt"/>
        <line num="47" count="11" type="stmt"/>
        <line num="48" count="0" type="stmt"/>
        <line num="50" count="11" type="stmt"/>
        <line num="51" count="1" type="stmt"/>
        <line num="54" count="11" type="stmt"/>
        <line num="55" count="0" type="stmt"/>
        <line num="58" count="11" type="stmt"/>
        <line num="59" count="1" type="stmt"/>
        <line num="63" count="10" type="stmt"/>
        <line num="67" count="3" type="stmt"/>
        <line num="71" count="2" type="stmt"/>
        <line num="75" count="4" type="stmt"/>
        <line num="79" count="4" type="stmt"/>
        <line num="83" count="2" type="stmt"/>
        <line num="87" count="3" type="stmt"/>
        <line num="91" count="0" type="stmt"/>
        <line num="95" count="1" type="stmt"/>
        <line num="99" count="15" type="stmt"/>
        <line num="103" count="4" type="stmt"/>
        <line num="107" count="0" type="stmt"/>
      </file>
      <file name="combined-form-field-service.ts" path="/app/packages/mobx-form/src/combined-form-field-service.ts">
        <metrics statements="55" coveredstatements="42" conditionals="26" coveredconditionals="14" methods="32" coveredmethods="23"/>
        <line num="2" count="1" type="stmt"/>
        <line num="4" count="1" type="stmt"/>
        <line num="5" count="11" type="stmt"/>
        <line num="6" count="11" type="stmt"/>
        <line num="7" count="11" type="stmt"/>
        <line num="9" count="11" type="stmt"/>
        <line num="10" count="11" type="stmt"/>
        <line num="15" count="11" type="stmt"/>
        <line num="17" count="11" type="cond" truecount="1" falsecount="1"/>
        <line num="21" count="0" type="stmt"/>
        <line num="25" count="13" type="stmt"/>
        <line num="26" count="13" type="stmt"/>
        <line num="28" count="13" type="stmt"/>
        <line num="29" count="13" type="cond" truecount="3" falsecount="1"/>
        <line num="33" count="56" type="stmt"/>
        <line num="37" count="3" type="stmt"/>
        <line num="38" count="3" type="stmt"/>
        <line num="42" count="4" type="stmt"/>
        <line num="46" count="2" type="stmt"/>
        <line num="48" count="2" type="cond" truecount="2" falsecount="0"/>
        <line num="49" count="2" type="stmt"/>
        <line num="52" count="2" type="stmt"/>
        <line num="57" count="1" type="stmt"/>
        <line num="61" count="4" type="stmt"/>
        <line num="65" count="2" type="cond" truecount="2" falsecount="0"/>
        <line num="69" count="26" type="cond" truecount="2" falsecount="0"/>
        <line num="73" count="0" type="stmt"/>
        <line num="77" count="0" type="stmt"/>
        <line num="81" count="11" type="stmt"/>
        <line num="82" count="18" type="stmt"/>
        <line num="85" count="11" type="stmt"/>
        <line num="86" count="0" type="stmt"/>
        <line num="87" count="0" type="stmt"/>
        <line num="88" count="0" type="cond" truecount="0" falsecount="4"/>
        <line num="91" count="11" type="stmt"/>
        <line num="92" count="0" type="stmt"/>
        <line num="93" count="0" type="stmt"/>
        <line num="94" count="0" type="cond" truecount="0" falsecount="4"/>
        <line num="97" count="11" type="stmt"/>
        <line num="98" count="0" type="stmt"/>
        <line num="99" count="0" type="stmt"/>
        <line num="100" count="0" type="stmt"/>
        <line num="103" count="11" type="stmt"/>
        <line num="104" count="1" type="stmt"/>
        <line num="105" count="2" type="stmt"/>
        <line num="106" count="1" type="stmt"/>
        <line num="109" count="11" type="stmt"/>
        <line num="110" count="0" type="stmt"/>
        <line num="113" count="11" type="stmt"/>
        <line num="114" count="2" type="stmt"/>
        <line num="115" count="1" type="stmt"/>
        <line num="118" count="11" type="cond" truecount="0" falsecount="1"/>
        <line num="119" count="42" type="stmt"/>
        <line num="122" count="13" type="cond" truecount="0" falsecount="1"/>
        <line num="123" count="13" type="cond" truecount="4" falsecount="0"/>
      </file>
      <file name="configure-form.ts" path="/app/packages/mobx-form/src/configure-form.ts">
        <metrics statements="6" coveredstatements="5" conditionals="3" coveredconditionals="2" methods="2" coveredmethods="2"/>
        <line num="19" count="1" type="stmt"/>
        <line num="20" count="11" type="stmt"/>
        <line num="21" count="11" type="stmt"/>
        <line num="24" count="1" type="stmt"/>
        <line num="25" count="33" type="cond" truecount="2" falsecount="1"/>
        <line num="26" count="0" type="stmt"/>
      </file>
      <file name="field-service.ts" path="/app/packages/mobx-form/src/field-service.ts">
        <metrics statements="63" coveredstatements="47" conditionals="33" coveredconditionals="13" methods="25" coveredmethods="16"/>
        <line num="1" count="1" type="stmt"/>
        <line num="2" count="1" type="stmt"/>
        <line num="4" count="1" type="stmt"/>
        <line num="5" count="1" type="stmt"/>
        <line num="9" count="1" type="stmt"/>
        <line num="10" count="55" type="stmt"/>
        <line num="14" count="55" type="stmt"/>
        <line num="15" count="55" type="stmt"/>
        <line num="16" count="55" type="stmt"/>
        <line num="17" count="55" type="stmt"/>
        <line num="18" count="55" type="stmt"/>
        <line num="19" count="55" type="stmt"/>
        <line num="24" count="55" type="stmt"/>
        <line num="26" count="55" type="stmt"/>
        <line num="27" count="55" type="stmt"/>
        <line num="31" count="16" type="stmt"/>
        <line num="35" count="74" type="stmt"/>
        <line num="36" count="74" type="stmt"/>
        <line num="37" count="74" type="cond" truecount="4" falsecount="0"/>
        <line num="41" count="167" type="stmt"/>
        <line num="45" count="12" type="stmt"/>
        <line num="47" count="12" type="stmt"/>
        <line num="49" count="12" type="cond" truecount="3" falsecount="0"/>
        <line num="50" count="12" type="cond" truecount="3" falsecount="1"/>
        <line num="55" count="8" type="stmt"/>
        <line num="59" count="13" type="stmt"/>
        <line num="63" count="11" type="stmt"/>
        <line num="67" count="8" type="stmt"/>
        <line num="71" count="10" type="stmt"/>
        <line num="75" count="106" type="cond" truecount="1" falsecount="0"/>
        <line num="76" count="6" type="stmt"/>
        <line num="79" count="100" type="stmt"/>
        <line num="83" count="106" type="stmt"/>
        <line num="87" count="9" type="stmt"/>
        <line num="91" count="106" type="cond" truecount="2" falsecount="0"/>
        <line num="94" count="55" type="stmt"/>
        <line num="95" count="0" type="stmt"/>
        <line num="96" count="0" type="stmt"/>
        <line num="99" count="55" type="stmt"/>
        <line num="100" count="0" type="stmt"/>
        <line num="103" count="55" type="stmt"/>
        <line num="104" count="0" type="stmt"/>
        <line num="107" count="55" type="stmt"/>
        <line num="108" count="0" type="stmt"/>
        <line num="111" count="55" type="stmt"/>
        <line num="112" count="0" type="stmt"/>
        <line num="113" count="0" type="cond" truecount="0" falsecount="4"/>
        <line num="116" count="55" type="stmt"/>
        <line num="117" count="0" type="stmt"/>
        <line num="118" count="0" type="cond" truecount="0" falsecount="4"/>
        <line num="121" count="55" type="stmt"/>
        <line num="122" count="0" type="stmt"/>
        <line num="123" count="0" type="stmt"/>
        <line num="126" count="55" type="stmt"/>
        <line num="127" count="4" type="stmt"/>
        <line num="128" count="4" type="stmt"/>
        <line num="131" count="55" type="stmt"/>
        <line num="132" count="5" type="stmt"/>
        <line num="137" count="0" type="stmt"/>
        <line num="143" count="0" type="cond" truecount="0" falsecount="5"/>
        <line num="144" count="0" type="stmt"/>
        <line num="147" count="0" type="cond" truecount="0" falsecount="6"/>
        <line num="152" count="0" type="stmt"/>
      </file>
      <file name="form-service.ts" path="/app/packages/mobx-form/src/form-service.ts">
        <metrics statements="102" coveredstatements="80" conditionals="72" coveredconditionals="42" methods="43" coveredmethods="35"/>
        <line num="1" count="1" type="stmt"/>
        <line num="3" count="1" type="stmt"/>
        <line num="4" count="1" type="stmt"/>
        <line num="6" count="1" type="stmt"/>
        <line num="7" count="1" type="stmt"/>
        <line num="9" count="1" type="stmt"/>
        <line num="19" count="33" type="stmt"/>
        <line num="21" count="33" type="stmt"/>
        <line num="23" count="33" type="stmt"/>
        <line num="24" count="33" type="stmt"/>
        <line num="26" count="33" type="stmt"/>
        <line num="29" count="33" type="stmt"/>
        <line num="30" count="0" type="stmt"/>
        <line num="33" count="33" type="stmt"/>
        <line num="34" count="0" type="stmt"/>
        <line num="36" count="0" type="cond" truecount="0" falsecount="2"/>
        <line num="37" count="0" type="cond" truecount="0" falsecount="4"/>
        <line num="39" count="0" type="cond" truecount="0" falsecount="4"/>
        <line num="48" count="54" type="cond" truecount="1" falsecount="0"/>
        <line num="49" count="54" type="stmt"/>
        <line num="52" count="70" type="stmt"/>
        <line num="53" count="70" type="cond" truecount="1" falsecount="0"/>
        <line num="54" count="8" type="cond" truecount="3" falsecount="1"/>
        <line num="59" count="54" type="cond" truecount="3" falsecount="1"/>
        <line num="61" count="54" type="cond" truecount="4" falsecount="2"/>
        <line num="62" count="54" type="stmt"/>
        <line num="65" count="0" type="stmt"/>
        <line num="69" count="33" type="stmt"/>
        <line num="70" count="0" type="stmt"/>
        <line num="71" count="0" type="stmt"/>
        <line num="78" count="36" type="stmt"/>
        <line num="85" count="5" type="stmt"/>
        <line num="87" count="5" type="stmt"/>
        <line num="90" count="7" type="cond" truecount="1" falsecount="0"/>
        <line num="91" count="6" type="stmt"/>
        <line num="96" count="5" type="stmt"/>
        <line num="103" count="32" type="stmt"/>
        <line num="105" count="32" type="stmt"/>
        <line num="108" count="40" type="cond" truecount="1" falsecount="0"/>
        <line num="109" count="5" type="stmt"/>
        <line num="114" count="32" type="stmt"/>
        <line num="121" count="2" type="cond" truecount="1" falsecount="1"/>
        <line num="128" count="5" type="stmt"/>
        <line num="130" count="5" type="stmt"/>
        <line num="133" count="9" type="cond" truecount="1" falsecount="0"/>
        <line num="134" count="4" type="stmt"/>
        <line num="139" count="5" type="stmt"/>
        <line num="146" count="33" type="stmt"/>
        <line num="147" count="54" type="stmt"/>
        <line num="149" count="54" type="stmt"/>
        <line num="150" count="70" type="stmt"/>
        <line num="153" count="54" type="stmt"/>
        <line num="156" count="33" type="stmt"/>
        <line num="157" count="70" type="cond" truecount="4" falsecount="1"/>
        <line num="158" count="70" type="cond" truecount="3" falsecount="1"/>
        <line num="160" count="0" type="cond" truecount="0" falsecount="1"/>
        <line num="161" count="0" type="stmt"/>
        <line num="163" count="0" type="stmt"/>
        <line num="164" count="0" type="cond" truecount="0" falsecount="4"/>
        <line num="167" count="0" type="stmt"/>
        <line num="170" count="0" type="stmt"/>
        <line num="176" count="33" type="stmt"/>
        <line num="177" count="0" type="stmt"/>
        <line num="178" count="0" type="stmt"/>
        <line num="179" count="0" type="cond" truecount="0" falsecount="5"/>
        <line num="180" count="0" type="stmt"/>
        <line num="184" count="0" type="stmt"/>
        <line num="185" count="0" type="stmt"/>
        <line num="188" count="33" type="stmt"/>
        <line num="189" count="514" type="cond" truecount="5" falsecount="0"/>
        <line num="194" count="302" type="stmt"/>
        <line num="196" count="212" type="cond" truecount="1" falsecount="0"/>
        <line num="197" count="212" type="cond" truecount="1" falsecount="1"/>
        <line num="198" count="302" type="cond" truecount="7" falsecount="1"/>
        <line num="203" count="33" type="stmt"/>
        <line num="204" count="33" type="stmt"/>
        <line num="207" count="55" type="cond" truecount="2" falsecount="0"/>
        <line num="208" count="44" type="stmt"/>
        <line num="211" count="11" type="stmt"/>
        <line num="220" count="33" type="stmt"/>
        <line num="221" count="3" type="stmt"/>
        <line num="223" count="5" type="stmt"/>
        <line num="231" count="33" type="stmt"/>
        <line num="232" count="9" type="stmt"/>
        <line num="234" count="15" type="stmt"/>
        <line num="242" count="33" type="stmt"/>
        <line num="243" count="3" type="stmt"/>
        <line num="251" count="58" type="stmt"/>
        <line num="254" count="78" type="cond" truecount="3" falsecount="0"/>
        <line num="255" count="14" type="stmt"/>
        <line num="265" count="33" type="stmt"/>
        <line num="266" count="3" type="stmt"/>
        <line num="267" count="5" type="stmt"/>
        <line num="274" count="33" type="stmt"/>
        <line num="275" count="0" type="stmt"/>
        <line num="276" count="0" type="stmt"/>
        <line num="282" count="33" type="stmt"/>
        <line num="283" count="5" type="stmt"/>
        <line num="289" count="33" type="stmt"/>
        <line num="290" count="5" type="stmt"/>
        <line num="293" count="33" type="stmt"/>
        <line num="294" count="5" type="stmt"/>
      </file>
    </package>
    <package name="src.utils">
      <metrics statements="12" coveredstatements="10" conditionals="2" coveredconditionals="2" methods="7" coveredmethods="1"/>
      <file name="check-types.ts" path="/app/packages/mobx-form/src/utils/check-types.ts">
        <metrics statements="10" coveredstatements="8" conditionals="2" coveredconditionals="2" methods="7" coveredmethods="1"/>
        <line num="1" count="1" type="stmt"/>
        <line num="2" count="106" type="cond" truecount="2" falsecount="0"/>
        <line num="4" count="1" type="stmt"/>
        <line num="5" count="0" type="stmt"/>
        <line num="7" count="1" type="stmt"/>
        <line num="9" count="1" type="stmt"/>
        <line num="11" count="1" type="stmt"/>
        <line num="13" count="1" type="stmt"/>
        <line num="15" count="1" type="stmt"/>
        <line num="16" count="0" type="stmt"/>
      </file>
      <file name="index.ts" path="/app/packages/mobx-form/src/utils/index.ts">
        <metrics statements="2" coveredstatements="2" conditionals="0" coveredconditionals="0" methods="0" coveredmethods="0"/>
        <line num="1" count="1" type="stmt"/>
        <line num="2" count="1" type="stmt"/>
      </file>
    </package>
  </project>
</coverage>
