{"/app/packages/mobx-form/src/autocompete-field-service.ts": {"path":"/app/packages/mobx-form/src/autocompete-field-service.ts","statementMap":{"0":{"start":{"line":1,"column":0},"end":{"line":1,"column":47}},"1":{"start":{"line":2,"column":0},"end":{"line":2,"column":42}},"2":{"start":{"line":6,"column":2},"end":{"line":6,"column":36}},"3":{"start":{"line":7,"column":2},"end":{"line":7,"column":44}},"4":{"start":{"line":23,"column":2},"end":{"line":45,"column":null}},"5":{"start":{"line":24,"column":4},"end":{"line":40,"column":null}},"6":{"start":{"line":25,"column":6},"end":{"line":25,"column":33}},"7":{"start":{"line":26,"column":6},"end":{"line":26,"column":38}},"8":{"start":{"line":28,"column":6},"end":{"line":28,"column":31}},"9":{"start":{"line":29,"column":6},"end":{"line":29,"column":41}},"10":{"start":{"line":31,"column":6},"end":{"line":31,"column":30}},"11":{"start":{"line":32,"column":6},"end":{"line":32,"column":35}},"12":{"start":{"line":34,"column":6},"end":{"line":34,"column":34}},"13":{"start":{"line":35,"column":6},"end":{"line":35,"column":39}},"14":{"start":{"line":38,"column":6},"end":{"line":38,"column":30}},"15":{"start":{"line":39,"column":6},"end":{"line":39,"column":41}},"16":{"start":{"line":42,"column":4},"end":{"line":44,"column":null}},"17":{"start":{"line":43,"column":6},"end":{"line":43,"column":41}},"18":{"start":{"line":47,"column":2},"end":{"line":49,"column":null}},"19":{"start":{"line":48,"column":4},"end":{"line":48,"column":23}},"20":{"start":{"line":50,"column":2},"end":{"line":52,"column":null}},"21":{"start":{"line":51,"column":4},"end":{"line":51,"column":27}},"22":{"start":{"line":54,"column":2},"end":{"line":56,"column":null}},"23":{"start":{"line":55,"column":4},"end":{"line":55,"column":34}},"24":{"start":{"line":58,"column":2},"end":{"line":60,"column":null}},"25":{"start":{"line":59,"column":4},"end":{"line":59,"column":23}},"26":{"start":{"line":10,"column":4},"end":{"line":10,"column":29}},"27":{"start":{"line":12,"column":4},"end":{"line":12,"column":37}},"28":{"start":{"line":16,"column":4},"end":{"line":16,"column":31}},"29":{"start":{"line":20,"column":4},"end":{"line":20,"column":35}},"30":{"start":{"line":63,"column":4},"end":{"line":63,"column":28}},"31":{"start":{"line":67,"column":4},"end":{"line":67,"column":29}},"32":{"start":{"line":71,"column":4},"end":{"line":71,"column":28}},"33":{"start":{"line":75,"column":4},"end":{"line":75,"column":29}},"34":{"start":{"line":79,"column":4},"end":{"line":79,"column":31}},"35":{"start":{"line":83,"column":4},"end":{"line":83,"column":35}},"36":{"start":{"line":87,"column":4},"end":{"line":87,"column":30}},"37":{"start":{"line":91,"column":4},"end":{"line":91,"column":29}},"38":{"start":{"line":95,"column":4},"end":{"line":95,"column":37}},"39":{"start":{"line":99,"column":4},"end":{"line":99,"column":32}},"40":{"start":{"line":103,"column":4},"end":{"line":103,"column":32}},"41":{"start":{"line":107,"column":4},"end":{"line":110,"column":null}},"42":{"start":{"line":5,"column":0},"end":{"line":5,"column":13}}},"fnMap":{"0":{"name":"(anonymous_0)","decl":{"start":{"line":9,"column":2},"end":{"line":9,"column":14}},"loc":{"start":{"line":9,"column":38},"end":{"line":13,"column":3}}},"1":{"name":"(anonymous_1)","decl":{"start":{"line":23,"column":13},"end":{"line":23,"column":14}},"loc":{"start":{"line":23,"column":100},"end":{"line":45,"column":3}}},"2":{"name":"(anonymous_2)","decl":{"start":{"line":47,"column":9},"end":{"line":47,"column":12}},"loc":{"start":{"line":47,"column":14},"end":{"line":49,"column":3}}},"3":{"name":"(anonymous_3)","decl":{"start":{"line":50,"column":14},"end":{"line":50,"column":17}},"loc":{"start":{"line":50,"column":19},"end":{"line":52,"column":3}}},"4":{"name":"(anonymous_4)","decl":{"start":{"line":54,"column":18},"end":{"line":54,"column":19}},"loc":{"start":{"line":54,"column":44},"end":{"line":56,"column":3}}},"5":{"name":"(anonymous_5)","decl":{"start":{"line":58,"column":10},"end":{"line":58,"column":13}},"loc":{"start":{"line":58,"column":15},"end":{"line":60,"column":3}}},"6":{"name":"(anonymous_6)","decl":{"start":{"line":15,"column":2},"end":{"line":15,"column":6}},"loc":{"start":{"line":15,"column":14},"end":{"line":17,"column":3}}},"7":{"name":"(anonymous_7)","decl":{"start":{"line":19,"column":2},"end":{"line":19,"column":6}},"loc":{"start":{"line":19,"column":61},"end":{"line":21,"column":3}}},"8":{"name":"(anonymous_8)","decl":{"start":{"line":62,"column":2},"end":{"line":62,"column":6}},"loc":{"start":{"line":62,"column":11},"end":{"line":64,"column":3}}},"9":{"name":"(anonymous_9)","decl":{"start":{"line":66,"column":2},"end":{"line":66,"column":6}},"loc":{"start":{"line":66,"column":31},"end":{"line":68,"column":3}}},"10":{"name":"(anonymous_10)","decl":{"start":{"line":70,"column":2},"end":{"line":70,"column":6}},"loc":{"start":{"line":70,"column":11},"end":{"line":72,"column":3}}},"11":{"name":"(anonymous_11)","decl":{"start":{"line":74,"column":2},"end":{"line":74,"column":6}},"loc":{"start":{"line":74,"column":37},"end":{"line":76,"column":3}}},"12":{"name":"(anonymous_12)","decl":{"start":{"line":78,"column":2},"end":{"line":78,"column":6}},"loc":{"start":{"line":78,"column":14},"end":{"line":80,"column":3}}},"13":{"name":"(anonymous_13)","decl":{"start":{"line":82,"column":2},"end":{"line":82,"column":6}},"loc":{"start":{"line":82,"column":32},"end":{"line":84,"column":3}}},"14":{"name":"(anonymous_14)","decl":{"start":{"line":86,"column":2},"end":{"line":86,"column":6}},"loc":{"start":{"line":86,"column":13},"end":{"line":88,"column":3}}},"15":{"name":"(anonymous_15)","decl":{"start":{"line":90,"column":2},"end":{"line":90,"column":6}},"loc":{"start":{"line":90,"column":12},"end":{"line":92,"column":3}}},"16":{"name":"(anonymous_16)","decl":{"start":{"line":94,"column":2},"end":{"line":94,"column":6}},"loc":{"start":{"line":94,"column":39},"end":{"line":96,"column":3}}},"17":{"name":"(anonymous_17)","decl":{"start":{"line":98,"column":2},"end":{"line":98,"column":6}},"loc":{"start":{"line":98,"column":15},"end":{"line":100,"column":3}}},"18":{"name":"(anonymous_18)","decl":{"start":{"line":102,"column":2},"end":{"line":102,"column":6}},"loc":{"start":{"line":102,"column":15},"end":{"line":104,"column":3}}},"19":{"name":"(anonymous_19)","decl":{"start":{"line":106,"column":2},"end":{"line":106,"column":6}},"loc":{"start":{"line":106,"column":11},"end":{"line":112,"column":3}}}},"branchMap":{"0":{"loc":{"start":{"line":23,"column":37},"end":{"line":23,"column":52}},"type":"default-arg","locations":[{"start":{"line":23,"column":50},"end":{"line":23,"column":52}}]},"1":{"loc":{"start":{"line":23,"column":54},"end":{"line":23,"column":77}},"type":"default-arg","locations":[{"start":{"line":23,"column":73},"end":{"line":23,"column":77}}]},"2":{"loc":{"start":{"line":23,"column":79},"end":{"line":23,"column":94}},"type":"default-arg","locations":[{"start":{"line":23,"column":90},"end":{"line":23,"column":94}}]},"3":{"loc":{"start":{"line":24,"column":4},"end":{"line":40,"column":null}},"type":"if","locations":[{"start":{"line":24,"column":4},"end":{"line":40,"column":null}},{"start":{"line":37,"column":9},"end":{"line":40,"column":null}}]},"4":{"loc":{"start":{"line":31,"column":6},"end":{"line":31,"column":29}},"type":"cond-expr","locations":[{"start":{"line":31,"column":25},"end":{"line":31,"column":29}},{"start":{"line":31,"column":25},"end":{"line":31,"column":29}}]},"5":{"loc":{"start":{"line":31,"column":6},"end":{"line":31,"column":29}},"type":"binary-expr","locations":[{"start":{"line":31,"column":6},"end":{"line":31,"column":29}},{"start":{"line":31,"column":25},"end":{"line":31,"column":29}}]},"6":{"loc":{"start":{"line":32,"column":6},"end":{"line":32,"column":34}},"type":"cond-expr","locations":[{"start":{"line":32,"column":30},"end":{"line":32,"column":34}},{"start":{"line":32,"column":30},"end":{"line":32,"column":34}}]},"7":{"loc":{"start":{"line":32,"column":6},"end":{"line":32,"column":34}},"type":"binary-expr","locations":[{"start":{"line":32,"column":6},"end":{"line":32,"column":34}},{"start":{"line":32,"column":30},"end":{"line":32,"column":34}}]},"8":{"loc":{"start":{"line":42,"column":4},"end":{"line":44,"column":null}},"type":"if","locations":[{"start":{"line":42,"column":4},"end":{"line":44,"column":null}}]}},"s":{"0":1,"1":1,"2":11,"3":11,"4":11,"5":0,"6":0,"7":0,"8":0,"9":0,"10":0,"11":0,"12":0,"13":0,"14":0,"15":0,"16":0,"17":0,"18":11,"19":0,"20":11,"21":1,"22":11,"23":0,"24":11,"25":1,"26":11,"27":11,"28":0,"29":11,"30":10,"31":3,"32":2,"33":4,"34":4,"35":2,"36":3,"37":0,"38":1,"39":15,"40":4,"41":0,"42":1},"f":{"0":11,"1":0,"2":0,"3":1,"4":0,"5":1,"6":0,"7":11,"8":10,"9":3,"10":2,"11":4,"12":4,"13":2,"14":3,"15":0,"16":1,"17":15,"18":4,"19":0},"b":{"0":[0],"1":[0],"2":[0],"3":[0,0],"4":[0,0],"5":[0,0],"6":[0,0],"7":[0,0],"8":[0]}}
,"/app/packages/mobx-form/src/combined-form-field-service.ts": {"path":"/app/packages/mobx-form/src/combined-form-field-service.ts","statementMap":{"0":{"start":{"line":2,"column":0},"end":{"line":2,"column":42}},"1":{"start":{"line":5,"column":10},"end":{"line":5,"column":27}},"2":{"start":{"line":6,"column":10},"end":{"line":6,"column":28}},"3":{"start":{"line":7,"column":10},"end":{"line":7,"column":38}},"4":{"start":{"line":9,"column":10},"end":{"line":9,"column":31}},"5":{"start":{"line":10,"column":10},"end":{"line":10,"column":27}},"6":{"start":{"line":81,"column":10},"end":{"line":83,"column":null}},"7":{"start":{"line":82,"column":4},"end":{"line":82,"column":28}},"8":{"start":{"line":85,"column":2},"end":{"line":89,"column":null}},"9":{"start":{"line":86,"column":4},"end":{"line":86,"column":27}},"10":{"start":{"line":87,"column":4},"end":{"line":87,"column":26}},"11":{"start":{"line":88,"column":4},"end":{"line":88,"column":36}},"12":{"start":{"line":91,"column":2},"end":{"line":95,"column":null}},"13":{"start":{"line":92,"column":4},"end":{"line":92,"column":32}},"14":{"start":{"line":93,"column":4},"end":{"line":93,"column":26}},"15":{"start":{"line":94,"column":4},"end":{"line":94,"column":36}},"16":{"start":{"line":97,"column":2},"end":{"line":101,"column":null}},"17":{"start":{"line":98,"column":4},"end":{"line":98,"column":42}},"18":{"start":{"line":99,"column":4},"end":{"line":99,"column":54}},"19":{"start":{"line":99,"column":30},"end":{"line":99,"column":52}},"20":{"start":{"line":100,"column":4},"end":{"line":100,"column":27}},"21":{"start":{"line":103,"column":2},"end":{"line":107,"column":null}},"22":{"start":{"line":104,"column":4},"end":{"line":104,"column":32}},"23":{"start":{"line":105,"column":4},"end":{"line":105,"column":64}},"24":{"start":{"line":105,"column":30},"end":{"line":105,"column":62}},"25":{"start":{"line":106,"column":4},"end":{"line":106,"column":27}},"26":{"start":{"line":109,"column":2},"end":{"line":111,"column":null}},"27":{"start":{"line":110,"column":4},"end":{"line":110,"column":106}},"28":{"start":{"line":110,"column":32},"end":{"line":110,"column":58}},"29":{"start":{"line":113,"column":2},"end":{"line":116,"column":null}},"30":{"start":{"line":114,"column":4},"end":{"line":114,"column":53}},"31":{"start":{"line":114,"column":29},"end":{"line":114,"column":51}},"32":{"start":{"line":115,"column":4},"end":{"line":115,"column":26}},"33":{"start":{"line":118,"column":2},"end":{"line":120,"column":null}},"34":{"start":{"line":119,"column":4},"end":{"line":119,"column":76}},"35":{"start":{"line":119,"column":44},"end":{"line":119,"column":73}},"36":{"start":{"line":122,"column":2},"end":{"line":124,"column":null}},"37":{"start":{"line":122,"column":59},"end":{"line":124,"column":null}},"38":{"start":{"line":123,"column":4},"end":{"line":123,"column":null}},"39":{"start":{"line":15,"column":4},"end":{"line":15,"column":29}},"40":{"start":{"line":17,"column":4},"end":{"line":17,"column":37}},"41":{"start":{"line":21,"column":4},"end":{"line":21,"column":27}},"42":{"start":{"line":25,"column":4},"end":{"line":25,"column":33}},"43":{"start":{"line":26,"column":4},"end":{"line":26,"column":38}},"44":{"start":{"line":28,"column":4},"end":{"line":28,"column":27}},"45":{"start":{"line":29,"column":4},"end":{"line":29,"column":36}},"46":{"start":{"line":33,"column":4},"end":{"line":33,"column":23}},"47":{"start":{"line":37,"column":4},"end":{"line":37,"column":24}},"48":{"start":{"line":38,"column":4},"end":{"line":38,"column":26}},"49":{"start":{"line":42,"column":4},"end":{"line":42,"column":26}},"50":{"start":{"line":46,"column":4},"end":{"line":46,"column":30}},"51":{"start":{"line":48,"column":4},"end":{"line":53,"column":null}},"52":{"start":{"line":49,"column":6},"end":{"line":49,"column":null}},"53":{"start":{"line":49,"column":31},"end":{"line":49,"column":55}},"54":{"start":{"line":52,"column":6},"end":{"line":52,"column":null}},"55":{"start":{"line":52,"column":31},"end":{"line":52,"column":54}},"56":{"start":{"line":57,"column":4},"end":{"line":57,"column":23}},"57":{"start":{"line":61,"column":4},"end":{"line":61,"column":24}},"58":{"start":{"line":65,"column":4},"end":{"line":65,"column":74}},"59":{"start":{"line":65,"column":50},"end":{"line":65,"column":72}},"60":{"start":{"line":69,"column":4},"end":{"line":69,"column":76}},"61":{"start":{"line":69,"column":50},"end":{"line":69,"column":74}},"62":{"start":{"line":73,"column":4},"end":{"line":73,"column":27}},"63":{"start":{"line":77,"column":4},"end":{"line":77,"column":38}},"64":{"start":{"line":4,"column":0},"end":{"line":4,"column":13}}},"fnMap":{"0":{"name":"(anonymous_7)","decl":{"start":{"line":14,"column":2},"end":{"line":14,"column":14}},"loc":{"start":{"line":14,"column":29},"end":{"line":18,"column":3}}},"1":{"name":"(anonymous_8)","decl":{"start":{"line":81,"column":23},"end":{"line":81,"column":24}},"loc":{"start":{"line":81,"column":44},"end":{"line":83,"column":3}}},"2":{"name":"(anonymous_9)","decl":{"start":{"line":85,"column":8},"end":{"line":85,"column":9}},"loc":{"start":{"line":85,"column":21},"end":{"line":89,"column":3}}},"3":{"name":"(anonymous_10)","decl":{"start":{"line":91,"column":18},"end":{"line":91,"column":19}},"loc":{"start":{"line":91,"column":36},"end":{"line":95,"column":3}}},"4":{"name":"(anonymous_11)","decl":{"start":{"line":97,"column":10},"end":{"line":97,"column":13}},"loc":{"start":{"line":97,"column":15},"end":{"line":101,"column":3}}},"5":{"name":"(anonymous_12)","decl":{"start":{"line":99,"column":24},"end":{"line":99,"column":26}},"loc":{"start":{"line":99,"column":30},"end":{"line":99,"column":52}}},"6":{"name":"(anonymous_13)","decl":{"start":{"line":103,"column":14},"end":{"line":103,"column":17}},"loc":{"start":{"line":103,"column":19},"end":{"line":107,"column":3}}},"7":{"name":"(anonymous_14)","decl":{"start":{"line":105,"column":24},"end":{"line":105,"column":26}},"loc":{"start":{"line":105,"column":30},"end":{"line":105,"column":62}}},"8":{"name":"(anonymous_15)","decl":{"start":{"line":109,"column":14},"end":{"line":109,"column":17}},"loc":{"start":{"line":109,"column":19},"end":{"line":111,"column":3}}},"9":{"name":"(anonymous_16)","decl":{"start":{"line":110,"column":26},"end":{"line":110,"column":28}},"loc":{"start":{"line":110,"column":32},"end":{"line":110,"column":58}}},"10":{"name":"(anonymous_17)","decl":{"start":{"line":113,"column":10},"end":{"line":113,"column":13}},"loc":{"start":{"line":113,"column":15},"end":{"line":116,"column":3}}},"11":{"name":"(anonymous_18)","decl":{"start":{"line":114,"column":23},"end":{"line":114,"column":25}},"loc":{"start":{"line":114,"column":29},"end":{"line":114,"column":51}}},"12":{"name":"(anonymous_19)","decl":{"start":{"line":118,"column":19},"end":{"line":118,"column":20}},"loc":{"start":{"line":118,"column":59},"end":{"line":120,"column":3}}},"13":{"name":"(anonymous_20)","decl":{"start":{"line":119,"column":38},"end":{"line":119,"column":40}},"loc":{"start":{"line":119,"column":44},"end":{"line":119,"column":73}}},"14":{"name":"(anonymous_21)","decl":{"start":{"line":122,"column":13},"end":{"line":122,"column":20}},"loc":{"start":{"line":122,"column":59},"end":{"line":124,"column":null}}},"15":{"name":"(anonymous_22)","decl":{"start":{"line":122,"column":59},"end":{"line":122,"column":null}},"loc":{"start":{"line":122,"column":59},"end":{"line":124,"column":3}}},"16":{"name":"(anonymous_23)","decl":{"start":{"line":20,"column":2},"end":{"line":20,"column":6}},"loc":{"start":{"line":20,"column":15},"end":{"line":22,"column":3}}},"17":{"name":"(anonymous_24)","decl":{"start":{"line":24,"column":2},"end":{"line":24,"column":6}},"loc":{"start":{"line":24,"column":31},"end":{"line":30,"column":3}}},"18":{"name":"(anonymous_25)","decl":{"start":{"line":32,"column":2},"end":{"line":32,"column":6}},"loc":{"start":{"line":32,"column":11},"end":{"line":34,"column":3}}},"19":{"name":"(anonymous_26)","decl":{"start":{"line":36,"column":2},"end":{"line":36,"column":6}},"loc":{"start":{"line":36,"column":22},"end":{"line":39,"column":3}}},"20":{"name":"(anonymous_27)","decl":{"start":{"line":41,"column":2},"end":{"line":41,"column":6}},"loc":{"start":{"line":41,"column":14},"end":{"line":43,"column":3}}},"21":{"name":"(anonymous_28)","decl":{"start":{"line":45,"column":2},"end":{"line":45,"column":6}},"loc":{"start":{"line":45,"column":32},"end":{"line":54,"column":3}}},"22":{"name":"(anonymous_29)","decl":{"start":{"line":49,"column":25},"end":{"line":49,"column":27}},"loc":{"start":{"line":49,"column":31},"end":{"line":49,"column":55}}},"23":{"name":"(anonymous_30)","decl":{"start":{"line":52,"column":25},"end":{"line":52,"column":27}},"loc":{"start":{"line":52,"column":31},"end":{"line":52,"column":54}}},"24":{"name":"(anonymous_31)","decl":{"start":{"line":56,"column":2},"end":{"line":56,"column":6}},"loc":{"start":{"line":56,"column":11},"end":{"line":58,"column":3}}},"25":{"name":"(anonymous_32)","decl":{"start":{"line":60,"column":2},"end":{"line":60,"column":6}},"loc":{"start":{"line":60,"column":37},"end":{"line":62,"column":3}}},"26":{"name":"(anonymous_33)","decl":{"start":{"line":64,"column":2},"end":{"line":64,"column":6}},"loc":{"start":{"line":64,"column":13},"end":{"line":66,"column":3}}},"27":{"name":"(anonymous_34)","decl":{"start":{"line":65,"column":44},"end":{"line":65,"column":46}},"loc":{"start":{"line":65,"column":50},"end":{"line":65,"column":72}}},"28":{"name":"(anonymous_35)","decl":{"start":{"line":68,"column":2},"end":{"line":68,"column":6}},"loc":{"start":{"line":68,"column":15},"end":{"line":70,"column":3}}},"29":{"name":"(anonymous_36)","decl":{"start":{"line":69,"column":44},"end":{"line":69,"column":46}},"loc":{"start":{"line":69,"column":50},"end":{"line":69,"column":74}}},"30":{"name":"(anonymous_37)","decl":{"start":{"line":72,"column":2},"end":{"line":72,"column":6}},"loc":{"start":{"line":72,"column":12},"end":{"line":74,"column":3}}},"31":{"name":"(anonymous_38)","decl":{"start":{"line":76,"column":2},"end":{"line":76,"column":6}},"loc":{"start":{"line":76,"column":14},"end":{"line":78,"column":3}}}},"branchMap":{"0":{"loc":{"start":{"line":88,"column":4},"end":{"line":88,"column":35}},"type":"cond-expr","locations":[{"start":{"line":88,"column":17},"end":{"line":88,"column":20}},{"start":{"line":88,"column":17},"end":{"line":88,"column":35}}]},"1":{"loc":{"start":{"line":88,"column":4},"end":{"line":88,"column":20}},"type":"binary-expr","locations":[{"start":{"line":88,"column":4},"end":{"line":88,"column":20}},{"start":{"line":88,"column":17},"end":{"line":88,"column":20}}]},"2":{"loc":{"start":{"line":94,"column":4},"end":{"line":94,"column":35}},"type":"cond-expr","locations":[{"start":{"line":94,"column":17},"end":{"line":94,"column":20}},{"start":{"line":94,"column":17},"end":{"line":94,"column":35}}]},"3":{"loc":{"start":{"line":94,"column":4},"end":{"line":94,"column":20}},"type":"binary-expr","locations":[{"start":{"line":94,"column":4},"end":{"line":94,"column":20}},{"start":{"line":94,"column":17},"end":{"line":94,"column":20}}]},"4":{"loc":{"start":{"line":118,"column":20},"end":{"line":118,"column":55}},"type":"default-arg","locations":[{"start":{"line":118,"column":43},"end":{"line":118,"column":55}}]},"5":{"loc":{"start":{"line":122,"column":20},"end":{"line":122,"column":55}},"type":"default-arg","locations":[{"start":{"line":122,"column":43},"end":{"line":122,"column":55}}]},"6":{"loc":{"start":{"line":123,"column":24},"end":{"line":123,"column":42}},"type":"cond-expr","locations":[{"start":{"line":123,"column":38},"end":{"line":123,"column":42}},{"start":{"line":123,"column":38},"end":{"line":123,"column":42}}]},"7":{"loc":{"start":{"line":123,"column":24},"end":{"line":123,"column":42}},"type":"binary-expr","locations":[{"start":{"line":123,"column":24},"end":{"line":123,"column":42}},{"start":{"line":123,"column":38},"end":{"line":123,"column":42}}]},"8":{"loc":{"start":{"line":17,"column":21},"end":{"line":17,"column":36}},"type":"binary-expr","locations":[{"start":{"line":17,"column":21},"end":{"line":17,"column":30}},{"start":{"line":17,"column":34},"end":{"line":17,"column":36}}]},"9":{"loc":{"start":{"line":29,"column":4},"end":{"line":29,"column":35}},"type":"cond-expr","locations":[{"start":{"line":29,"column":17},"end":{"line":29,"column":20}},{"start":{"line":29,"column":17},"end":{"line":29,"column":35}}]},"10":{"loc":{"start":{"line":29,"column":4},"end":{"line":29,"column":20}},"type":"binary-expr","locations":[{"start":{"line":29,"column":4},"end":{"line":29,"column":20}},{"start":{"line":29,"column":17},"end":{"line":29,"column":20}}]},"11":{"loc":{"start":{"line":48,"column":4},"end":{"line":53,"column":null}},"type":"if","locations":[{"start":{"line":48,"column":4},"end":{"line":53,"column":null}},{"start":{"line":51,"column":9},"end":{"line":53,"column":null}}]},"12":{"loc":{"start":{"line":65,"column":11},"end":{"line":65,"column":73}},"type":"binary-expr","locations":[{"start":{"line":65,"column":11},"end":{"line":65,"column":23}},{"start":{"line":65,"column":27},"end":{"line":65,"column":73}}]},"13":{"loc":{"start":{"line":69,"column":11},"end":{"line":69,"column":75}},"type":"binary-expr","locations":[{"start":{"line":69,"column":11},"end":{"line":69,"column":24}},{"start":{"line":69,"column":28},"end":{"line":69,"column":75}}]}},"s":{"0":1,"1":11,"2":11,"3":11,"4":11,"5":11,"6":11,"7":18,"8":11,"9":0,"10":0,"11":0,"12":11,"13":0,"14":0,"15":0,"16":11,"17":0,"18":0,"19":0,"20":0,"21":11,"22":1,"23":1,"24":2,"25":1,"26":11,"27":0,"28":0,"29":11,"30":1,"31":2,"32":1,"33":11,"34":21,"35":42,"36":11,"37":13,"38":13,"39":11,"40":11,"41":0,"42":13,"43":13,"44":13,"45":13,"46":56,"47":3,"48":3,"49":4,"50":2,"51":2,"52":1,"53":2,"54":1,"55":2,"56":1,"57":4,"58":2,"59":2,"60":15,"61":26,"62":0,"63":0,"64":1},"f":{"0":11,"1":18,"2":0,"3":0,"4":0,"5":0,"6":1,"7":2,"8":0,"9":0,"10":1,"11":2,"12":21,"13":42,"14":13,"15":13,"16":0,"17":13,"18":56,"19":3,"20":4,"21":2,"22":2,"23":2,"24":1,"25":4,"26":2,"27":2,"28":15,"29":26,"30":0,"31":0},"b":{"0":[0,0],"1":[0,0],"2":[0,0],"3":[0,0],"4":[0],"5":[0],"6":[11,2],"7":[13,13],"8":[11,0],"9":[0,13],"10":[13,13],"11":[1,1],"12":[2,2],"13":[15,13]}}
,"/app/packages/mobx-form/src/configure-form.ts": {"path":"/app/packages/mobx-form/src/configure-form.ts","statementMap":{"0":{"start":{"line":19,"column":29},"end":{"line":22,"column":1}},"1":{"start":{"line":20,"column":2},"end":{"line":20,"column":47}},"2":{"start":{"line":21,"column":2},"end":{"line":21,"column":79}},"3":{"start":{"line":19,"column":13},"end":{"line":19,"column":29}},"4":{"start":{"line":24,"column":35},"end":{"line":27,"column":1}},"5":{"start":{"line":25,"column":2},"end":{"line":26,"column":76}},"6":{"start":{"line":26,"column":4},"end":{"line":26,"column":76}},"7":{"start":{"line":24,"column":13},"end":{"line":24,"column":35}}},"fnMap":{"0":{"name":"(anonymous_0)","decl":{"start":{"line":19,"column":29},"end":{"line":19,"column":30}},"loc":{"start":{"line":19,"column":66},"end":{"line":22,"column":1}}},"1":{"name":"(anonymous_1)","decl":{"start":{"line":24,"column":35},"end":{"line":24,"column":38}},"loc":{"start":{"line":24,"column":40},"end":{"line":27,"column":1}}}},"branchMap":{"0":{"loc":{"start":{"line":25,"column":2},"end":{"line":26,"column":76}},"type":"if","locations":[{"start":{"line":25,"column":2},"end":{"line":26,"column":76}}]},"1":{"loc":{"start":{"line":25,"column":5},"end":{"line":25,"column":43}},"type":"binary-expr","locations":[{"start":{"line":25,"column":5},"end":{"line":25,"column":14}},{"start":{"line":25,"column":18},"end":{"line":25,"column":43}}]}},"s":{"0":1,"1":11,"2":11,"3":1,"4":1,"5":33,"6":0,"7":1},"f":{"0":11,"1":33},"b":{"0":[0],"1":[33,33]}}
,"/app/packages/mobx-form/src/field-service.ts": {"path":"/app/packages/mobx-form/src/field-service.ts","statementMap":{"0":{"start":{"line":1,"column":0},"end":{"line":1,"column":33}},"1":{"start":{"line":2,"column":0},"end":{"line":2,"column":42}},"2":{"start":{"line":4,"column":0},"end":{"line":4,"column":35}},"3":{"start":{"line":5,"column":0},"end":{"line":5,"column":37}},"4":{"start":{"line":10,"column":10},"end":{"line":10,"column":34}},"5":{"start":{"line":14,"column":2},"end":{"line":14,"column":33}},"6":{"start":{"line":15,"column":10},"end":{"line":15,"column":48}},"7":{"start":{"line":16,"column":10},"end":{"line":16,"column":44}},"8":{"start":{"line":17,"column":10},"end":{"line":17,"column":38}},"9":{"start":{"line":18,"column":10},"end":{"line":18,"column":28}},"10":{"start":{"line":19,"column":10},"end":{"line":19,"column":29}},"11":{"start":{"line":94,"column":2},"end":{"line":97,"column":null}},"12":{"start":{"line":95,"column":4},"end":{"line":95,"column":33}},"13":{"start":{"line":96,"column":4},"end":{"line":96,"column":27}},"14":{"start":{"line":99,"column":2},"end":{"line":101,"column":null}},"15":{"start":{"line":100,"column":4},"end":{"line":100,"column":34}},"16":{"start":{"line":103,"column":2},"end":{"line":105,"column":null}},"17":{"start":{"line":104,"column":4},"end":{"line":104,"column":33}},"18":{"start":{"line":107,"column":2},"end":{"line":109,"column":null}},"19":{"start":{"line":108,"column":4},"end":{"line":108,"column":30}},"20":{"start":{"line":111,"column":2},"end":{"line":114,"column":null}},"21":{"start":{"line":112,"column":4},"end":{"line":112,"column":23}},"22":{"start":{"line":113,"column":4},"end":{"line":113,"column":22}},"23":{"start":{"line":116,"column":2},"end":{"line":119,"column":null}},"24":{"start":{"line":117,"column":4},"end":{"line":117,"column":26}},"25":{"start":{"line":118,"column":4},"end":{"line":118,"column":22}},"26":{"start":{"line":121,"column":2},"end":{"line":124,"column":null}},"27":{"start":{"line":122,"column":4},"end":{"line":122,"column":32}},"28":{"start":{"line":123,"column":4},"end":{"line":123,"column":27}},"29":{"start":{"line":126,"column":2},"end":{"line":129,"column":null}},"30":{"start":{"line":127,"column":4},"end":{"line":127,"column":32}},"31":{"start":{"line":128,"column":4},"end":{"line":128,"column":27}},"32":{"start":{"line":131,"column":2},"end":{"line":133,"column":null}},"33":{"start":{"line":132,"column":4},"end":{"line":132,"column":26}},"34":{"start":{"line":24,"column":4},"end":{"line":24,"column":29}},"35":{"start":{"line":26,"column":4},"end":{"line":26,"column":31}},"36":{"start":{"line":27,"column":4},"end":{"line":27,"column":27}},"37":{"start":{"line":31,"column":4},"end":{"line":31,"column":27}},"38":{"start":{"line":35,"column":4},"end":{"line":35,"column":32}},"39":{"start":{"line":36,"column":4},"end":{"line":36,"column":28}},"40":{"start":{"line":37,"column":4},"end":{"line":37,"column":22}},"41":{"start":{"line":41,"column":4},"end":{"line":41,"column":23}},"42":{"start":{"line":45,"column":21},"end":{"line":45,"column":32}},"43":{"start":{"line":47,"column":4},"end":{"line":47,"column":24}},"44":{"start":{"line":49,"column":4},"end":{"line":51,"column":null}},"45":{"start":{"line":50,"column":6},"end":{"line":50,"column":46}},"46":{"start":{"line":55,"column":4},"end":{"line":55,"column":23}},"47":{"start":{"line":59,"column":4},"end":{"line":59,"column":24}},"48":{"start":{"line":63,"column":4},"end":{"line":63,"column":26}},"49":{"start":{"line":67,"column":4},"end":{"line":67,"column":30}},"50":{"start":{"line":71,"column":4},"end":{"line":71,"column":24}},"51":{"start":{"line":75,"column":4},"end":{"line":77,"column":null}},"52":{"start":{"line":76,"column":6},"end":{"line":76,"column":50}},"53":{"start":{"line":79,"column":4},"end":{"line":79,"column":43}},"54":{"start":{"line":83,"column":4},"end":{"line":83,"column":27}},"55":{"start":{"line":87,"column":4},"end":{"line":87,"column":32}},"56":{"start":{"line":91,"column":4},"end":{"line":91,"column":null}},"57":{"start":{"line":137,"column":27},"end":{"line":141,"column":6}},"58":{"start":{"line":143,"column":4},"end":{"line":150,"column":null}},"59":{"start":{"line":144,"column":6},"end":{"line":149,"column":8}},"60":{"start":{"line":147,"column":10},"end":{"line":147,"column":53}},"61":{"start":{"line":152,"column":4},"end":{"line":155,"column":null}},"62":{"start":{"line":9,"column":0},"end":{"line":9,"column":13}}},"fnMap":{"0":{"name":"(anonymous_0)","decl":{"start":{"line":23,"column":2},"end":{"line":23,"column":14}},"loc":{"start":{"line":23,"column":66},"end":{"line":28,"column":3}}},"1":{"name":"(anonymous_1)","decl":{"start":{"line":94,"column":19},"end":{"line":94,"column":22}},"loc":{"start":{"line":94,"column":24},"end":{"line":97,"column":3}}},"2":{"name":"(anonymous_2)","decl":{"start":{"line":99,"column":18},"end":{"line":99,"column":21}},"loc":{"start":{"line":99,"column":23},"end":{"line":101,"column":3}}},"3":{"name":"(anonymous_3)","decl":{"start":{"line":103,"column":19},"end":{"line":103,"column":22}},"loc":{"start":{"line":103,"column":24},"end":{"line":105,"column":3}}},"4":{"name":"(anonymous_4)","decl":{"start":{"line":107,"column":20},"end":{"line":107,"column":23}},"loc":{"start":{"line":107,"column":25},"end":{"line":109,"column":3}}},"5":{"name":"(anonymous_5)","decl":{"start":{"line":111,"column":13},"end":{"line":111,"column":14}},"loc":{"start":{"line":111,"column":45},"end":{"line":114,"column":3}}},"6":{"name":"(anonymous_6)","decl":{"start":{"line":116,"column":11},"end":{"line":116,"column":12}},"loc":{"start":{"line":116,"column":22},"end":{"line":119,"column":3}}},"7":{"name":"(anonymous_7)","decl":{"start":{"line":121,"column":10},"end":{"line":121,"column":13}},"loc":{"start":{"line":121,"column":15},"end":{"line":124,"column":3}}},"8":{"name":"(anonymous_8)","decl":{"start":{"line":126,"column":14},"end":{"line":126,"column":17}},"loc":{"start":{"line":126,"column":19},"end":{"line":129,"column":3}}},"9":{"name":"(anonymous_9)","decl":{"start":{"line":131,"column":10},"end":{"line":131,"column":13}},"loc":{"start":{"line":131,"column":15},"end":{"line":133,"column":3}}},"10":{"name":"(anonymous_10)","decl":{"start":{"line":30,"column":2},"end":{"line":30,"column":6}},"loc":{"start":{"line":30,"column":15},"end":{"line":32,"column":3}}},"11":{"name":"(anonymous_11)","decl":{"start":{"line":34,"column":2},"end":{"line":34,"column":6}},"loc":{"start":{"line":34,"column":39},"end":{"line":38,"column":3}}},"12":{"name":"(anonymous_12)","decl":{"start":{"line":40,"column":2},"end":{"line":40,"column":6}},"loc":{"start":{"line":40,"column":11},"end":{"line":42,"column":3}}},"13":{"name":"(anonymous_13)","decl":{"start":{"line":44,"column":2},"end":{"line":44,"column":6}},"loc":{"start":{"line":44,"column":31},"end":{"line":52,"column":3}}},"14":{"name":"(anonymous_14)","decl":{"start":{"line":54,"column":2},"end":{"line":54,"column":6}},"loc":{"start":{"line":54,"column":11},"end":{"line":56,"column":3}}},"15":{"name":"(anonymous_15)","decl":{"start":{"line":58,"column":2},"end":{"line":58,"column":6}},"loc":{"start":{"line":58,"column":37},"end":{"line":60,"column":3}}},"16":{"name":"(anonymous_16)","decl":{"start":{"line":62,"column":2},"end":{"line":62,"column":6}},"loc":{"start":{"line":62,"column":14},"end":{"line":64,"column":3}}},"17":{"name":"(anonymous_17)","decl":{"start":{"line":66,"column":2},"end":{"line":66,"column":6}},"loc":{"start":{"line":66,"column":32},"end":{"line":68,"column":3}}},"18":{"name":"(anonymous_18)","decl":{"start":{"line":70,"column":2},"end":{"line":70,"column":6}},"loc":{"start":{"line":70,"column":13},"end":{"line":72,"column":3}}},"19":{"name":"(anonymous_19)","decl":{"start":{"line":74,"column":2},"end":{"line":74,"column":6}},"loc":{"start":{"line":74,"column":12},"end":{"line":80,"column":3}}},"20":{"name":"(anonymous_20)","decl":{"start":{"line":82,"column":2},"end":{"line":82,"column":6}},"loc":{"start":{"line":82,"column":15},"end":{"line":84,"column":3}}},"21":{"name":"(anonymous_21)","decl":{"start":{"line":86,"column":2},"end":{"line":86,"column":6}},"loc":{"start":{"line":86,"column":34},"end":{"line":88,"column":3}}},"22":{"name":"(anonymous_22)","decl":{"start":{"line":90,"column":2},"end":{"line":90,"column":6}},"loc":{"start":{"line":90,"column":15},"end":{"line":92,"column":3}}},"23":{"name":"(anonymous_23)","decl":{"start":{"line":136,"column":2},"end":{"line":136,"column":6}},"loc":{"start":{"line":136,"column":11},"end":{"line":157,"column":3}}},"24":{"name":"(anonymous_24)","decl":{"start":{"line":146,"column":17},"end":{"line":146,"column":18}},"loc":{"start":{"line":146,"column":30},"end":{"line":148,"column":9}}}},"branchMap":{"0":{"loc":{"start":{"line":113,"column":4},"end":{"line":113,"column":21}},"type":"cond-expr","locations":[{"start":{"line":113,"column":17},"end":{"line":113,"column":21}},{"start":{"line":113,"column":17},"end":{"line":113,"column":21}}]},"1":{"loc":{"start":{"line":113,"column":4},"end":{"line":113,"column":21}},"type":"binary-expr","locations":[{"start":{"line":113,"column":4},"end":{"line":113,"column":21}},{"start":{"line":113,"column":17},"end":{"line":113,"column":21}}]},"2":{"loc":{"start":{"line":118,"column":4},"end":{"line":118,"column":21}},"type":"cond-expr","locations":[{"start":{"line":118,"column":17},"end":{"line":118,"column":21}},{"start":{"line":118,"column":17},"end":{"line":118,"column":21}}]},"3":{"loc":{"start":{"line":118,"column":4},"end":{"line":118,"column":21}},"type":"binary-expr","locations":[{"start":{"line":118,"column":4},"end":{"line":118,"column":21}},{"start":{"line":118,"column":17},"end":{"line":118,"column":21}}]},"4":{"loc":{"start":{"line":37,"column":4},"end":{"line":37,"column":21}},"type":"cond-expr","locations":[{"start":{"line":37,"column":17},"end":{"line":37,"column":21}},{"start":{"line":37,"column":17},"end":{"line":37,"column":21}}]},"5":{"loc":{"start":{"line":37,"column":4},"end":{"line":37,"column":21}},"type":"binary-expr","locations":[{"start":{"line":37,"column":4},"end":{"line":37,"column":21}},{"start":{"line":37,"column":17},"end":{"line":37,"column":21}}]},"6":{"loc":{"start":{"line":49,"column":4},"end":{"line":51,"column":null}},"type":"if","locations":[{"start":{"line":49,"column":4},"end":{"line":51,"column":null}}]},"7":{"loc":{"start":{"line":49,"column":7},"end":{"line":49,"column":50}},"type":"binary-expr","locations":[{"start":{"line":49,"column":7},"end":{"line":49,"column":25}},{"start":{"line":49,"column":29},"end":{"line":49,"column":50}}]},"8":{"loc":{"start":{"line":50,"column":6},"end":{"line":50,"column":45}},"type":"cond-expr","locations":[{"start":{"line":50,"column":19},"end":{"line":50,"column":21}},{"start":{"line":50,"column":19},"end":{"line":50,"column":45}}]},"9":{"loc":{"start":{"line":50,"column":6},"end":{"line":50,"column":21}},"type":"binary-expr","locations":[{"start":{"line":50,"column":6},"end":{"line":50,"column":21}},{"start":{"line":50,"column":19},"end":{"line":50,"column":21}}]},"10":{"loc":{"start":{"line":75,"column":4},"end":{"line":77,"column":null}},"type":"if","locations":[{"start":{"line":75,"column":4},"end":{"line":77,"column":null}}]},"11":{"loc":{"start":{"line":91,"column":11},"end":{"line":91,"column":41}},"type":"binary-expr","locations":[{"start":{"line":91,"column":11},"end":{"line":91,"column":23}},{"start":{"line":91,"column":27},"end":{"line":91,"column":41}}]},"12":{"loc":{"start":{"line":143,"column":4},"end":{"line":150,"column":null}},"type":"if","locations":[{"start":{"line":143,"column":4},"end":{"line":150,"column":null}}]},"13":{"loc":{"start":{"line":143,"column":8},"end":{"line":143,"column":29}},"type":"cond-expr","locations":[{"start":{"line":143,"column":20},"end":{"line":143,"column":22}},{"start":{"line":143,"column":20},"end":{"line":143,"column":29}}]},"14":{"loc":{"start":{"line":143,"column":8},"end":{"line":143,"column":22}},"type":"binary-expr","locations":[{"start":{"line":143,"column":8},"end":{"line":143,"column":22}},{"start":{"line":143,"column":20},"end":{"line":143,"column":22}}]},"15":{"loc":{"start":{"line":147,"column":23},"end":{"line":147,"column":53}},"type":"binary-expr","locations":[{"start":{"line":147,"column":23},"end":{"line":147,"column":33}},{"start":{"line":147,"column":37},"end":{"line":147,"column":52}}]},"16":{"loc":{"start":{"line":147,"column":37},"end":{"line":147,"column":52}},"type":"cond-expr","locations":[{"start":{"line":147,"column":40},"end":{"line":147,"column":42}},{"start":{"line":147,"column":37},"end":{"line":147,"column":52}}]},"17":{"loc":{"start":{"line":147,"column":37},"end":{"line":147,"column":42}},"type":"binary-expr","locations":[{"start":{"line":147,"column":37},"end":{"line":147,"column":42}},{"start":{"line":147,"column":37},"end":{"line":147,"column":42}}]}},"s":{"0":1,"1":1,"2":1,"3":1,"4":55,"5":55,"6":55,"7":55,"8":55,"9":55,"10":55,"11":55,"12":0,"13":0,"14":55,"15":0,"16":55,"17":0,"18":55,"19":0,"20":55,"21":0,"22":0,"23":55,"24":0,"25":0,"26":55,"27":0,"28":0,"29":55,"30":4,"31":4,"32":55,"33":5,"34":55,"35":55,"36":55,"37":16,"38":74,"39":74,"40":74,"41":167,"42":12,"43":12,"44":12,"45":12,"46":8,"47":13,"48":11,"49":8,"50":10,"51":106,"52":6,"53":100,"54":106,"55":9,"56":106,"57":0,"58":0,"59":0,"60":0,"61":0,"62":1},"f":{"0":55,"1":0,"2":0,"3":0,"4":0,"5":0,"6":0,"7":0,"8":4,"9":5,"10":16,"11":74,"12":167,"13":12,"14":8,"15":13,"16":11,"17":8,"18":10,"19":106,"20":106,"21":9,"22":106,"23":0,"24":0},"b":{"0":[0,0],"1":[0,0],"2":[0,0],"3":[0,0],"4":[66,8],"5":[74,74],"6":[12],"7":[12,12],"8":[12,0],"9":[12,12],"10":[6],"11":[106,106],"12":[0],"13":[0,0],"14":[0,0],"15":[0,0],"16":[0,0],"17":[0,0]}}
,"/app/packages/mobx-form/src/form-service.ts": {"path":"/app/packages/mobx-form/src/form-service.ts","statementMap":{"0":{"start":{"line":1,"column":0},"end":{"line":1,"column":88}},"1":{"start":{"line":3,"column":0},"end":{"line":3,"column":47}},"2":{"start":{"line":4,"column":0},"end":{"line":4,"column":91}},"3":{"start":{"line":6,"column":0},"end":{"line":6,"column":73}},"4":{"start":{"line":7,"column":0},"end":{"line":7,"column":71}},"5":{"start":{"line":29,"column":2},"end":{"line":31,"column":null}},"6":{"start":{"line":30,"column":4},"end":{"line":30,"column":29}},"7":{"start":{"line":33,"column":2},"end":{"line":41,"column":null}},"8":{"start":{"line":33,"column":22},"end":{"line":41,"column":null}},"9":{"start":{"line":34,"column":4},"end":{"line":34,"column":38}},"10":{"start":{"line":36,"column":4},"end":{"line":40,"column":null}},"11":{"start":{"line":37,"column":6},"end":{"line":37,"column":31}},"12":{"start":{"line":39,"column":6},"end":{"line":39,"column":35}},"13":{"start":{"line":48,"column":2},"end":{"line":67,"column":4}},"14":{"start":{"line":48,"column":61},"end":{"line":67,"column":4}},"15":{"start":{"line":49,"column":24},"end":{"line":49,"column":40}},"16":{"start":{"line":52,"column":4},"end":{"line":56,"column":null}},"17":{"start":{"line":52,"column":57},"end":{"line":56,"column":6}},"18":{"start":{"line":53,"column":6},"end":{"line":55,"column":null}},"19":{"start":{"line":54,"column":8},"end":{"line":54,"column":50}},"20":{"start":{"line":59,"column":19},"end":{"line":59,"column":88}},"21":{"start":{"line":61,"column":4},"end":{"line":66,"column":null}},"22":{"start":{"line":62,"column":6},"end":{"line":62,"column":35}},"23":{"start":{"line":65,"column":6},"end":{"line":65,"column":25}},"24":{"start":{"line":69,"column":2},"end":{"line":72,"column":null}},"25":{"start":{"line":70,"column":4},"end":{"line":70,"column":45}},"26":{"start":{"line":71,"column":4},"end":{"line":71,"column":33}},"27":{"start":{"line":146,"column":2},"end":{"line":154,"column":4}},"28":{"start":{"line":147,"column":44},"end":{"line":147,"column":46}},"29":{"start":{"line":149,"column":4},"end":{"line":151,"column":null}},"30":{"start":{"line":150,"column":6},"end":{"line":150,"column":52}},"31":{"start":{"line":153,"column":4},"end":{"line":153,"column":46}},"32":{"start":{"line":156,"column":10},"end":{"line":171,"column":null}},"33":{"start":{"line":157,"column":4},"end":{"line":168,"column":null}},"34":{"start":{"line":158,"column":6},"end":{"line":158,"column":null}},"35":{"start":{"line":160,"column":9},"end":{"line":168,"column":null}},"36":{"start":{"line":161,"column":46},"end":{"line":161,"column":48}},"37":{"start":{"line":163,"column":6},"end":{"line":165,"column":null}},"38":{"start":{"line":164,"column":8},"end":{"line":164,"column":50}},"39":{"start":{"line":167,"column":6},"end":{"line":167,"column":20}},"40":{"start":{"line":170,"column":4},"end":{"line":170,"column":17}},"41":{"start":{"line":176,"column":2},"end":{"line":186,"column":4}},"42":{"start":{"line":177,"column":19},"end":{"line":177,"column":28}},"43":{"start":{"line":178,"column":4},"end":{"line":182,"column":7}},"44":{"start":{"line":179,"column":6},"end":{"line":181,"column":null}},"45":{"start":{"line":180,"column":8},"end":{"line":180,"column":31}},"46":{"start":{"line":184,"column":4},"end":{"line":184,"column":25}},"47":{"start":{"line":185,"column":4},"end":{"line":185,"column":33}},"48":{"start":{"line":188,"column":10},"end":{"line":201,"column":null}},"49":{"start":{"line":189,"column":4},"end":{"line":200,"column":null}},"50":{"start":{"line":194,"column":6},"end":{"line":194,"column":41}},"51":{"start":{"line":196,"column":9},"end":{"line":200,"column":null}},"52":{"start":{"line":197,"column":6},"end":{"line":199,"column":10}},"53":{"start":{"line":198,"column":8},"end":{"line":198,"column":76}},"54":{"start":{"line":203,"column":10},"end":{"line":215,"column":null}},"55":{"start":{"line":204,"column":4},"end":{"line":214,"column":6}},"56":{"start":{"line":207,"column":8},"end":{"line":212,"column":null}},"57":{"start":{"line":208,"column":10},"end":{"line":208,"column":null}},"58":{"start":{"line":211,"column":10},"end":{"line":211,"column":42}},"59":{"start":{"line":220,"column":2},"end":{"line":226,"column":4}},"60":{"start":{"line":221,"column":4},"end":{"line":225,"column":6}},"61":{"start":{"line":223,"column":30},"end":{"line":223,"column":59}},"62":{"start":{"line":231,"column":2},"end":{"line":237,"column":4}},"63":{"start":{"line":232,"column":4},"end":{"line":236,"column":6}},"64":{"start":{"line":234,"column":30},"end":{"line":234,"column":55}},"65":{"start":{"line":242,"column":2},"end":{"line":244,"column":null}},"66":{"start":{"line":243,"column":4},"end":{"line":243,"column":null}},"67":{"start":{"line":243,"column":46},"end":{"line":243,"column":69}},"68":{"start":{"line":265,"column":3},"end":{"line":269,"column":4}},"69":{"start":{"line":266,"column":4},"end":{"line":268,"column":null}},"70":{"start":{"line":267,"column":6},"end":{"line":267,"column":24}},"71":{"start":{"line":274,"column":2},"end":{"line":277,"column":4}},"72":{"start":{"line":275,"column":4},"end":{"line":275,"column":null}},"73":{"start":{"line":275,"column":46},"end":{"line":275,"column":59}},"74":{"start":{"line":276,"column":4},"end":{"line":276,"column":20}},"75":{"start":{"line":282,"column":2},"end":{"line":284,"column":4}},"76":{"start":{"line":283,"column":4},"end":{"line":283,"column":null}},"77":{"start":{"line":283,"column":46},"end":{"line":283,"column":67}},"78":{"start":{"line":289,"column":2},"end":{"line":291,"column":4}},"79":{"start":{"line":290,"column":4},"end":{"line":290,"column":null}},"80":{"start":{"line":290,"column":46},"end":{"line":290,"column":68}},"81":{"start":{"line":293,"column":2},"end":{"line":295,"column":null}},"82":{"start":{"line":294,"column":4},"end":{"line":294,"column":null}},"83":{"start":{"line":294,"column":46},"end":{"line":294,"column":59}},"84":{"start":{"line":19,"column":4},"end":{"line":19,"column":26}},"85":{"start":{"line":21,"column":4},"end":{"line":21,"column":null}},"86":{"start":{"line":23,"column":4},"end":{"line":23,"column":25}},"87":{"start":{"line":24,"column":4},"end":{"line":24,"column":45}},"88":{"start":{"line":26,"column":4},"end":{"line":26,"column":33}},"89":{"start":{"line":78,"column":4},"end":{"line":78,"column":36}},"90":{"start":{"line":85,"column":18},"end":{"line":85,"column":22}},"91":{"start":{"line":87,"column":4},"end":{"line":94,"column":6}},"92":{"start":{"line":90,"column":8},"end":{"line":92,"column":null}},"93":{"start":{"line":91,"column":10},"end":{"line":91,"column":null}},"94":{"start":{"line":96,"column":4},"end":{"line":96,"column":19}},"95":{"start":{"line":103,"column":20},"end":{"line":103,"column":25}},"96":{"start":{"line":105,"column":4},"end":{"line":112,"column":6}},"97":{"start":{"line":108,"column":8},"end":{"line":110,"column":null}},"98":{"start":{"line":109,"column":10},"end":{"line":109,"column":27}},"99":{"start":{"line":114,"column":4},"end":{"line":114,"column":21}},"100":{"start":{"line":121,"column":4},"end":{"line":121,"column":42}},"101":{"start":{"line":128,"column":19},"end":{"line":128,"column":23}},"102":{"start":{"line":130,"column":4},"end":{"line":137,"column":6}},"103":{"start":{"line":133,"column":8},"end":{"line":135,"column":null}},"104":{"start":{"line":134,"column":10},"end":{"line":134,"column":null}},"105":{"start":{"line":139,"column":4},"end":{"line":139,"column":20}},"106":{"start":{"line":251,"column":4},"end":{"line":259,"column":6}},"107":{"start":{"line":254,"column":8},"end":{"line":256,"column":null}},"108":{"start":{"line":255,"column":10},"end":{"line":255,"column":null}},"109":{"start":{"line":9,"column":0},"end":{"line":9,"column":13}}},"fnMap":{"0":{"name":"(anonymous_7)","decl":{"start":{"line":15,"column":2},"end":{"line":15,"column":null}},"loc":{"start":{"line":17,"column":30},"end":{"line":27,"column":3}}},"1":{"name":"(anonymous_8)","decl":{"start":{"line":29,"column":16},"end":{"line":29,"column":17}},"loc":{"start":{"line":29,"column":53},"end":{"line":31,"column":3}}},"2":{"name":"(anonymous_9)","decl":{"start":{"line":33,"column":11},"end":{"line":33,"column":20}},"loc":{"start":{"line":33,"column":22},"end":{"line":41,"column":null}}},"3":{"name":"(anonymous_10)","decl":{"start":{"line":33,"column":22},"end":{"line":33,"column":null}},"loc":{"start":{"line":33,"column":22},"end":{"line":41,"column":3}}},"4":{"name":"(anonymous_11)","decl":{"start":{"line":48,"column":13},"end":{"line":48,"column":20}},"loc":{"start":{"line":48,"column":61},"end":{"line":67,"column":4}}},"5":{"name":"(anonymous_12)","decl":{"start":{"line":48,"column":61},"end":{"line":48,"column":null}},"loc":{"start":{"line":48,"column":61},"end":{"line":67,"column":3}}},"6":{"name":"(anonymous_13)","decl":{"start":{"line":52,"column":41},"end":{"line":52,"column":48}},"loc":{"start":{"line":52,"column":57},"end":{"line":56,"column":6}}},"7":{"name":"(anonymous_14)","decl":{"start":{"line":52,"column":57},"end":{"line":52,"column":null}},"loc":{"start":{"line":52,"column":57},"end":{"line":56,"column":5}}},"8":{"name":"(anonymous_15)","decl":{"start":{"line":69,"column":24},"end":{"line":69,"column":25}},"loc":{"start":{"line":69,"column":54},"end":{"line":72,"column":3}}},"9":{"name":"(anonymous_16)","decl":{"start":{"line":146,"column":14},"end":{"line":146,"column":17}},"loc":{"start":{"line":146,"column":19},"end":{"line":154,"column":3}}},"10":{"name":"(anonymous_17)","decl":{"start":{"line":156,"column":26},"end":{"line":156,"column":27}},"loc":{"start":{"line":156,"column":41},"end":{"line":171,"column":3}}},"11":{"name":"(anonymous_18)","decl":{"start":{"line":176,"column":20},"end":{"line":176,"column":21}},"loc":{"start":{"line":176,"column":33},"end":{"line":186,"column":3}}},"12":{"name":"(anonymous_19)","decl":{"start":{"line":178,"column":29},"end":{"line":178,"column":32}},"loc":{"start":{"line":178,"column":35},"end":{"line":182,"column":5}}},"13":{"name":"(anonymous_20)","decl":{"start":{"line":188,"column":25},"end":{"line":188,"column":29}},"loc":{"start":{"line":188,"column":210},"end":{"line":201,"column":3}}},"14":{"name":"(anonymous_21)","decl":{"start":{"line":197,"column":55},"end":{"line":197,"column":58}},"loc":{"start":{"line":197,"column":61},"end":{"line":199,"column":7}}},"15":{"name":"(anonymous_22)","decl":{"start":{"line":203,"column":34},"end":{"line":203,"column":37}},"loc":{"start":{"line":203,"column":39},"end":{"line":215,"column":3}}},"16":{"name":"(anonymous_23)","decl":{"start":{"line":206,"column":6},"end":{"line":206,"column":7}},"loc":{"start":{"line":206,"column":16},"end":{"line":213,"column":7}}},"17":{"name":"(anonymous_24)","decl":{"start":{"line":220,"column":18},"end":{"line":220,"column":19}},"loc":{"start":{"line":220,"column":53},"end":{"line":226,"column":3}}},"18":{"name":"(anonymous_25)","decl":{"start":{"line":223,"column":6},"end":{"line":223,"column":7}},"loc":{"start":{"line":223,"column":30},"end":{"line":223,"column":59}}},"19":{"name":"(anonymous_26)","decl":{"start":{"line":231,"column":14},"end":{"line":231,"column":15}},"loc":{"start":{"line":231,"column":49},"end":{"line":237,"column":3}}},"20":{"name":"(anonymous_27)","decl":{"start":{"line":234,"column":6},"end":{"line":234,"column":7}},"loc":{"start":{"line":234,"column":30},"end":{"line":234,"column":55}}},"21":{"name":"(anonymous_28)","decl":{"start":{"line":242,"column":16},"end":{"line":242,"column":19}},"loc":{"start":{"line":242,"column":21},"end":{"line":244,"column":3}}},"22":{"name":"(anonymous_29)","decl":{"start":{"line":243,"column":35},"end":{"line":243,"column":36}},"loc":{"start":{"line":243,"column":46},"end":{"line":243,"column":69}}},"23":{"name":"(anonymous_30)","decl":{"start":{"line":265,"column":21},"end":{"line":265,"column":24}},"loc":{"start":{"line":265,"column":26},"end":{"line":269,"column":3}}},"24":{"name":"(anonymous_31)","decl":{"start":{"line":266,"column":35},"end":{"line":266,"column":36}},"loc":{"start":{"line":266,"column":45},"end":{"line":268,"column":5}}},"25":{"name":"(anonymous_32)","decl":{"start":{"line":274,"column":10},"end":{"line":274,"column":13}},"loc":{"start":{"line":274,"column":15},"end":{"line":277,"column":3}}},"26":{"name":"(anonymous_33)","decl":{"start":{"line":275,"column":35},"end":{"line":275,"column":36}},"loc":{"start":{"line":275,"column":46},"end":{"line":275,"column":59}}},"27":{"name":"(anonymous_34)","decl":{"start":{"line":282,"column":12},"end":{"line":282,"column":15}},"loc":{"start":{"line":282,"column":17},"end":{"line":284,"column":3}}},"28":{"name":"(anonymous_35)","decl":{"start":{"line":283,"column":35},"end":{"line":283,"column":36}},"loc":{"start":{"line":283,"column":46},"end":{"line":283,"column":67}}},"29":{"name":"(anonymous_36)","decl":{"start":{"line":289,"column":11},"end":{"line":289,"column":14}},"loc":{"start":{"line":289,"column":16},"end":{"line":291,"column":3}}},"30":{"name":"(anonymous_37)","decl":{"start":{"line":290,"column":35},"end":{"line":290,"column":36}},"loc":{"start":{"line":290,"column":46},"end":{"line":290,"column":68}}},"31":{"name":"(anonymous_38)","decl":{"start":{"line":293,"column":10},"end":{"line":293,"column":13}},"loc":{"start":{"line":293,"column":15},"end":{"line":295,"column":3}}},"32":{"name":"(anonymous_39)","decl":{"start":{"line":294,"column":35},"end":{"line":294,"column":36}},"loc":{"start":{"line":294,"column":46},"end":{"line":294,"column":59}}},"33":{"name":"(anonymous_40)","decl":{"start":{"line":77,"column":2},"end":{"line":77,"column":6}},"loc":{"start":{"line":77,"column":10},"end":{"line":79,"column":3}}},"34":{"name":"(anonymous_41)","decl":{"start":{"line":84,"column":2},"end":{"line":84,"column":6}},"loc":{"start":{"line":84,"column":13},"end":{"line":97,"column":3}}},"35":{"name":"(anonymous_42)","decl":{"start":{"line":89,"column":6},"end":{"line":89,"column":7}},"loc":{"start":{"line":89,"column":16},"end":{"line":93,"column":7}}},"36":{"name":"(anonymous_43)","decl":{"start":{"line":102,"column":2},"end":{"line":102,"column":6}},"loc":{"start":{"line":102,"column":15},"end":{"line":115,"column":3}}},"37":{"name":"(anonymous_44)","decl":{"start":{"line":107,"column":6},"end":{"line":107,"column":7}},"loc":{"start":{"line":107,"column":16},"end":{"line":111,"column":7}}},"38":{"name":"(anonymous_45)","decl":{"start":{"line":120,"column":2},"end":{"line":120,"column":6}},"loc":{"start":{"line":120,"column":20},"end":{"line":122,"column":3}}},"39":{"name":"(anonymous_46)","decl":{"start":{"line":127,"column":2},"end":{"line":127,"column":6}},"loc":{"start":{"line":127,"column":14},"end":{"line":140,"column":3}}},"40":{"name":"(anonymous_47)","decl":{"start":{"line":132,"column":6},"end":{"line":132,"column":7}},"loc":{"start":{"line":132,"column":16},"end":{"line":136,"column":7}}},"41":{"name":"(anonymous_48)","decl":{"start":{"line":250,"column":2},"end":{"line":250,"column":11}},"loc":{"start":{"line":250,"column":90},"end":{"line":260,"column":3}}},"42":{"name":"(anonymous_49)","decl":{"start":{"line":253,"column":6},"end":{"line":253,"column":7}},"loc":{"start":{"line":253,"column":38},"end":{"line":257,"column":7}}}},"branchMap":{"0":{"loc":{"start":{"line":36,"column":4},"end":{"line":40,"column":null}},"type":"if","locations":[{"start":{"line":36,"column":4},"end":{"line":40,"column":null}},{"start":{"line":38,"column":11},"end":{"line":40,"column":null}}]},"1":{"loc":{"start":{"line":37,"column":13},"end":{"line":37,"column":30}},"type":"cond-expr","locations":[{"start":{"line":37,"column":26},"end":{"line":37,"column":30}},{"start":{"line":37,"column":26},"end":{"line":37,"column":30}}]},"2":{"loc":{"start":{"line":37,"column":13},"end":{"line":37,"column":30}},"type":"binary-expr","locations":[{"start":{"line":37,"column":13},"end":{"line":37,"column":30}},{"start":{"line":37,"column":26},"end":{"line":37,"column":30}}]},"3":{"loc":{"start":{"line":39,"column":6},"end":{"line":39,"column":34}},"type":"cond-expr","locations":[{"start":{"line":39,"column":30},"end":{"line":39,"column":34}},{"start":{"line":39,"column":30},"end":{"line":39,"column":34}}]},"4":{"loc":{"start":{"line":39,"column":6},"end":{"line":39,"column":34}},"type":"binary-expr","locations":[{"start":{"line":39,"column":6},"end":{"line":39,"column":34}},{"start":{"line":39,"column":6},"end":{"line":39,"column":34}}]},"5":{"loc":{"start":{"line":48,"column":20},"end":{"line":48,"column":57}},"type":"default-arg","locations":[{"start":{"line":48,"column":43},"end":{"line":48,"column":57}}]},"6":{"loc":{"start":{"line":53,"column":6},"end":{"line":55,"column":null}},"type":"if","locations":[{"start":{"line":53,"column":6},"end":{"line":55,"column":null}}]},"7":{"loc":{"start":{"line":54,"column":21},"end":{"line":54,"column":49}},"type":"cond-expr","locations":[{"start":{"line":54,"column":41},"end":{"line":54,"column":44}},{"start":{"line":54,"column":41},"end":{"line":54,"column":49}}]},"8":{"loc":{"start":{"line":54,"column":21},"end":{"line":54,"column":44}},"type":"binary-expr","locations":[{"start":{"line":54,"column":21},"end":{"line":54,"column":44}},{"start":{"line":54,"column":41},"end":{"line":54,"column":44}}]},"9":{"loc":{"start":{"line":59,"column":25},"end":{"line":59,"column":71}},"type":"cond-expr","locations":[{"start":{"line":59,"column":33},"end":{"line":59,"column":36}},{"start":{"line":59,"column":33},"end":{"line":59,"column":71}}]},"10":{"loc":{"start":{"line":59,"column":25},"end":{"line":59,"column":36}},"type":"binary-expr","locations":[{"start":{"line":59,"column":25},"end":{"line":59,"column":36}},{"start":{"line":59,"column":25},"end":{"line":59,"column":36}}]},"11":{"loc":{"start":{"line":61,"column":4},"end":{"line":66,"column":null}},"type":"if","locations":[{"start":{"line":61,"column":4},"end":{"line":66,"column":null}},{"start":{"line":64,"column":9},"end":{"line":66,"column":null}}]},"12":{"loc":{"start":{"line":61,"column":7},"end":{"line":61,"column":54}},"type":"binary-expr","locations":[{"start":{"line":61,"column":7},"end":{"line":61,"column":13}},{"start":{"line":61,"column":17},"end":{"line":61,"column":54}}]},"13":{"loc":{"start":{"line":61,"column":29},"end":{"line":61,"column":41}},"type":"binary-expr","locations":[{"start":{"line":61,"column":29},"end":{"line":61,"column":35}},{"start":{"line":61,"column":39},"end":{"line":61,"column":41}}]},"14":{"loc":{"start":{"line":157,"column":4},"end":{"line":168,"column":null}},"type":"if","locations":[{"start":{"line":157,"column":4},"end":{"line":168,"column":null}},{"start":{"line":160,"column":9},"end":{"line":168,"column":null}}]},"15":{"loc":{"start":{"line":157,"column":7},"end":{"line":157,"column":126}},"type":"binary-expr","locations":[{"start":{"line":157,"column":7},"end":{"line":157,"column":36}},{"start":{"line":157,"column":40},"end":{"line":157,"column":81}},{"start":{"line":157,"column":85},"end":{"line":157,"column":126}}]},"16":{"loc":{"start":{"line":158,"column":13},"end":{"line":158,"column":25}},"type":"cond-expr","locations":[{"start":{"line":158,"column":18},"end":{"line":158,"column":20}},{"start":{"line":158,"column":13},"end":{"line":158,"column":25}}]},"17":{"loc":{"start":{"line":158,"column":13},"end":{"line":158,"column":20}},"type":"binary-expr","locations":[{"start":{"line":158,"column":13},"end":{"line":158,"column":20}},{"start":{"line":158,"column":13},"end":{"line":158,"column":20}}]},"18":{"loc":{"start":{"line":160,"column":9},"end":{"line":168,"column":null}},"type":"if","locations":[{"start":{"line":160,"column":9},"end":{"line":168,"column":null}}]},"19":{"loc":{"start":{"line":164,"column":36},"end":{"line":164,"column":48}},"type":"cond-expr","locations":[{"start":{"line":164,"column":41},"end":{"line":164,"column":44}},{"start":{"line":164,"column":36},"end":{"line":164,"column":48}}]},"20":{"loc":{"start":{"line":164,"column":36},"end":{"line":164,"column":44}},"type":"binary-expr","locations":[{"start":{"line":164,"column":36},"end":{"line":164,"column":44}},{"start":{"line":164,"column":36},"end":{"line":164,"column":44}}]},"21":{"loc":{"start":{"line":179,"column":6},"end":{"line":181,"column":null}},"type":"if","locations":[{"start":{"line":179,"column":6},"end":{"line":181,"column":null}}]},"22":{"loc":{"start":{"line":179,"column":10},"end":{"line":179,"column":150}},"type":"binary-expr","locations":[{"start":{"line":179,"column":10},"end":{"line":179,"column":18}},{"start":{"line":179,"column":22},"end":{"line":179,"column":54}},{"start":{"line":179,"column":58},"end":{"line":179,"column":102}},{"start":{"line":179,"column":106},"end":{"line":179,"column":150}}]},"23":{"loc":{"start":{"line":189,"column":4},"end":{"line":200,"column":null}},"type":"if","locations":[{"start":{"line":189,"column":4},"end":{"line":200,"column":null}},{"start":{"line":196,"column":9},"end":{"line":200,"column":null}}]},"24":{"loc":{"start":{"line":189,"column":7},"end":{"line":189,"column":129}},"type":"binary-expr","locations":[{"start":{"line":189,"column":7},"end":{"line":189,"column":37}},{"start":{"line":189,"column":41},"end":{"line":189,"column":83}},{"start":{"line":189,"column":87},"end":{"line":189,"column":129}}]},"25":{"loc":{"start":{"line":196,"column":9},"end":{"line":200,"column":null}},"type":"if","locations":[{"start":{"line":196,"column":9},"end":{"line":200,"column":null}}]},"26":{"loc":{"start":{"line":197,"column":37},"end":{"line":197,"column":49}},"type":"binary-expr","locations":[{"start":{"line":197,"column":37},"end":{"line":197,"column":43}},{"start":{"line":197,"column":47},"end":{"line":197,"column":49}}]},"27":{"loc":{"start":{"line":198,"column":33},"end":{"line":198,"column":46}},"type":"cond-expr","locations":[{"start":{"line":198,"column":39},"end":{"line":198,"column":42}},{"start":{"line":198,"column":33},"end":{"line":198,"column":46}}]},"28":{"loc":{"start":{"line":198,"column":33},"end":{"line":198,"column":42}},"type":"binary-expr","locations":[{"start":{"line":198,"column":33},"end":{"line":198,"column":42}},{"start":{"line":198,"column":33},"end":{"line":198,"column":42}}]},"29":{"loc":{"start":{"line":198,"column":56},"end":{"line":198,"column":74}},"type":"cond-expr","locations":[{"start":{"line":198,"column":67},"end":{"line":198,"column":70}},{"start":{"line":198,"column":56},"end":{"line":198,"column":74}}]},"30":{"loc":{"start":{"line":198,"column":56},"end":{"line":198,"column":70}},"type":"binary-expr","locations":[{"start":{"line":198,"column":56},"end":{"line":198,"column":70}},{"start":{"line":198,"column":56},"end":{"line":198,"column":70}}]},"31":{"loc":{"start":{"line":207,"column":8},"end":{"line":212,"column":null}},"type":"if","locations":[{"start":{"line":207,"column":8},"end":{"line":212,"column":null}},{"start":{"line":210,"column":13},"end":{"line":212,"column":null}}]},"32":{"loc":{"start":{"line":90,"column":8},"end":{"line":92,"column":null}},"type":"if","locations":[{"start":{"line":90,"column":8},"end":{"line":92,"column":null}}]},"33":{"loc":{"start":{"line":108,"column":8},"end":{"line":110,"column":null}},"type":"if","locations":[{"start":{"line":108,"column":8},"end":{"line":110,"column":null}}]},"34":{"loc":{"start":{"line":121,"column":11},"end":{"line":121,"column":41}},"type":"binary-expr","locations":[{"start":{"line":121,"column":11},"end":{"line":121,"column":25}},{"start":{"line":121,"column":29},"end":{"line":121,"column":41}}]},"35":{"loc":{"start":{"line":133,"column":8},"end":{"line":135,"column":null}},"type":"if","locations":[{"start":{"line":133,"column":8},"end":{"line":135,"column":null}}]},"36":{"loc":{"start":{"line":250,"column":43},"end":{"line":250,"column":90}},"type":"default-arg","locations":[{"start":{"line":250,"column":76},"end":{"line":250,"column":90}}]},"37":{"loc":{"start":{"line":254,"column":8},"end":{"line":256,"column":null}},"type":"if","locations":[{"start":{"line":254,"column":8},"end":{"line":256,"column":null}}]},"38":{"loc":{"start":{"line":254,"column":11},"end":{"line":254,"column":61}},"type":"binary-expr","locations":[{"start":{"line":254,"column":11},"end":{"line":254,"column":26}},{"start":{"line":254,"column":30},"end":{"line":254,"column":61}}]}},"s":{"0":1,"1":1,"2":1,"3":1,"4":1,"5":33,"6":0,"7":33,"8":0,"9":0,"10":0,"11":0,"12":0,"13":33,"14":54,"15":54,"16":54,"17":70,"18":70,"19":8,"20":54,"21":54,"22":54,"23":0,"24":33,"25":0,"26":0,"27":33,"28":54,"29":54,"30":70,"31":54,"32":33,"33":70,"34":70,"35":0,"36":0,"37":0,"38":0,"39":0,"40":0,"41":33,"42":0,"43":0,"44":0,"45":0,"46":0,"47":0,"48":33,"49":514,"50":302,"51":212,"52":212,"53":302,"54":33,"55":33,"56":55,"57":44,"58":11,"59":33,"60":3,"61":5,"62":33,"63":9,"64":15,"65":33,"66":1,"67":3,"68":33,"69":3,"70":5,"71":33,"72":0,"73":0,"74":0,"75":33,"76":3,"77":5,"78":33,"79":3,"80":5,"81":33,"82":3,"83":5,"84":33,"85":33,"86":33,"87":33,"88":33,"89":36,"90":5,"91":5,"92":7,"93":6,"94":5,"95":32,"96":32,"97":40,"98":5,"99":32,"100":2,"101":5,"102":5,"103":9,"104":4,"105":5,"106":58,"107":78,"108":14,"109":1},"f":{"0":33,"1":0,"2":0,"3":0,"4":54,"5":54,"6":70,"7":70,"8":0,"9":54,"10":70,"11":0,"12":0,"13":514,"14":302,"15":33,"16":55,"17":3,"18":5,"19":9,"20":15,"21":1,"22":3,"23":3,"24":5,"25":0,"26":0,"27":3,"28":5,"29":3,"30":5,"31":3,"32":5,"33":36,"34":5,"35":7,"36":32,"37":40,"38":2,"39":5,"40":9,"41":58,"42":78},"b":{"0":[0,0],"1":[0,0],"2":[0,0],"3":[0,0],"4":[0,0],"5":[10],"6":[8],"7":[0,8],"8":[8,8],"9":[0,54],"10":[54,54],"11":[54,0],"12":[54,54],"13":[54,0],"14":[70,0],"15":[70,16,8],"16":[0,70],"17":[70,70],"18":[0],"19":[0,0],"20":[0,0],"21":[0],"22":[0,0,0,0],"23":[302,212],"24":[514,302,257],"25":[212],"26":[212,0],"27":[0,302],"28":[302,302],"29":[204,98],"30":[302,302],"31":[44,11],"32":[6],"33":[5],"34":[2,0],"35":[4],"36":[0],"37":[14],"38":[78,77]}}
,"/app/packages/mobx-form/src/utils/check-types.ts": {"path":"/app/packages/mobx-form/src/utils/check-types.ts","statementMap":{"0":{"start":{"line":1,"column":24},"end":{"line":2,"column":41}},"1":{"start":{"line":2,"column":2},"end":{"line":2,"column":41}},"2":{"start":{"line":1,"column":13},"end":{"line":1,"column":24}},"3":{"start":{"line":4,"column":25},"end":{"line":5,"column":41}},"4":{"start":{"line":5,"column":2},"end":{"line":5,"column":41}},"5":{"start":{"line":4,"column":13},"end":{"line":4,"column":25}},"6":{"start":{"line":7,"column":24},"end":{"line":7,"column":74}},"7":{"start":{"line":7,"column":51},"end":{"line":7,"column":74}},"8":{"start":{"line":7,"column":13},"end":{"line":7,"column":24}},"9":{"start":{"line":9,"column":22},"end":{"line":9,"column":68}},"10":{"start":{"line":9,"column":49},"end":{"line":9,"column":68}},"11":{"start":{"line":9,"column":13},"end":{"line":9,"column":22}},"12":{"start":{"line":11,"column":22},"end":{"line":11,"column":68}},"13":{"start":{"line":11,"column":49},"end":{"line":11,"column":68}},"14":{"start":{"line":11,"column":13},"end":{"line":11,"column":22}},"15":{"start":{"line":13,"column":24},"end":{"line":13,"column":78}},"16":{"start":{"line":13,"column":53},"end":{"line":13,"column":78}},"17":{"start":{"line":13,"column":13},"end":{"line":13,"column":24}},"18":{"start":{"line":15,"column":25},"end":{"line":16,"column":28}},"19":{"start":{"line":16,"column":2},"end":{"line":16,"column":28}},"20":{"start":{"line":15,"column":13},"end":{"line":15,"column":25}}},"fnMap":{"0":{"name":"(anonymous_0)","decl":{"start":{"line":1,"column":24},"end":{"line":1,"column":25}},"loc":{"start":{"line":2,"column":2},"end":{"line":2,"column":41}}},"1":{"name":"(anonymous_1)","decl":{"start":{"line":4,"column":25},"end":{"line":4,"column":26}},"loc":{"start":{"line":5,"column":2},"end":{"line":5,"column":41}}},"2":{"name":"(anonymous_2)","decl":{"start":{"line":7,"column":24},"end":{"line":7,"column":25}},"loc":{"start":{"line":7,"column":51},"end":{"line":7,"column":74}}},"3":{"name":"(anonymous_3)","decl":{"start":{"line":9,"column":22},"end":{"line":9,"column":23}},"loc":{"start":{"line":9,"column":49},"end":{"line":9,"column":68}}},"4":{"name":"(anonymous_4)","decl":{"start":{"line":11,"column":22},"end":{"line":11,"column":23}},"loc":{"start":{"line":11,"column":49},"end":{"line":11,"column":68}}},"5":{"name":"(anonymous_5)","decl":{"start":{"line":13,"column":24},"end":{"line":13,"column":25}},"loc":{"start":{"line":13,"column":53},"end":{"line":13,"column":78}}},"6":{"name":"(anonymous_6)","decl":{"start":{"line":15,"column":25},"end":{"line":15,"column":26}},"loc":{"start":{"line":16,"column":2},"end":{"line":16,"column":28}}}},"branchMap":{"0":{"loc":{"start":{"line":2,"column":2},"end":{"line":2,"column":41}},"type":"binary-expr","locations":[{"start":{"line":2,"column":2},"end":{"line":2,"column":14}},{"start":{"line":2,"column":18},"end":{"line":2,"column":41}}]}},"s":{"0":1,"1":106,"2":1,"3":1,"4":0,"5":1,"6":1,"7":0,"8":1,"9":1,"10":0,"11":1,"12":1,"13":0,"14":1,"15":1,"16":0,"17":1,"18":1,"19":0,"20":1},"f":{"0":106,"1":0,"2":0,"3":0,"4":0,"5":0,"6":0},"b":{"0":[106,97]}}
,"/app/packages/mobx-form/src/utils/index.ts": {"path":"/app/packages/mobx-form/src/utils/index.ts","statementMap":{"0":{"start":{"line":1,"column":0},"end":{"line":1,"column":23}},"1":{"start":{"line":2,"column":0},"end":{"line":2,"column":30}}},"fnMap":{},"branchMap":{},"s":{"0":1,"1":1},"f":{},"b":{}}
}
