TN:
SF:packages/mobx-form/src/autocompete-field-service.ts
FN:9,(anonymous_0)
FN:23,(anonymous_1)
FN:47,(anonymous_2)
FN:50,(anonymous_3)
FN:54,(anonymous_4)
FN:58,(anonymous_5)
FN:15,(anonymous_6)
FN:19,(anonymous_7)
FN:62,(anonymous_8)
FN:66,(anonymous_9)
FN:70,(anonymous_10)
FN:74,(anonymous_11)
FN:78,(anonymous_12)
FN:82,(anonymous_13)
FN:86,(anonymous_14)
FN:90,(anonymous_15)
FN:94,(anonymous_16)
FN:98,(anonymous_17)
FN:102,(anonymous_18)
FN:106,(anonymous_19)
FNF:20
FNH:14
FNDA:11,(anonymous_0)
FNDA:0,(anonymous_1)
FNDA:0,(anonymous_2)
FNDA:1,(anonymous_3)
FNDA:0,(anonymous_4)
FNDA:1,(anonymous_5)
FNDA:0,(anonymous_6)
FNDA:11,(anonymous_7)
FNDA:10,(anonymous_8)
FNDA:3,(anonymous_9)
FNDA:2,(anonymous_10)
FNDA:4,(anonymous_11)
FNDA:4,(anonymous_12)
FNDA:2,(anonymous_13)
FNDA:3,(anonymous_14)
FNDA:0,(anonymous_15)
FNDA:1,(anonymous_16)
FNDA:15,(anonymous_17)
FNDA:4,(anonymous_18)
FNDA:0,(anonymous_19)
DA:1,1
DA:2,1
DA:5,1
DA:6,11
DA:7,11
DA:10,11
DA:12,11
DA:16,0
DA:20,11
DA:23,11
DA:24,0
DA:25,0
DA:26,0
DA:28,0
DA:29,0
DA:31,0
DA:32,0
DA:34,0
DA:35,0
DA:38,0
DA:39,0
DA:42,0
DA:43,0
DA:47,11
DA:48,0
DA:50,11
DA:51,1
DA:54,11
DA:55,0
DA:58,11
DA:59,1
DA:63,10
DA:67,3
DA:71,2
DA:75,4
DA:79,4
DA:83,2
DA:87,3
DA:91,0
DA:95,1
DA:99,15
DA:103,4
DA:107,0
LF:43
LH:25
BRDA:23,0,0,0
BRDA:23,1,0,0
BRDA:23,2,0,0
BRDA:24,3,0,0
BRDA:24,3,1,0
BRDA:31,4,0,0
BRDA:31,4,1,0
BRDA:31,5,0,0
BRDA:31,5,1,0
BRDA:32,6,0,0
BRDA:32,6,1,0
BRDA:32,7,0,0
BRDA:32,7,1,0
BRDA:42,8,0,0
BRF:14
BRH:0
end_of_record
TN:
SF:packages/mobx-form/src/combined-form-field-service.ts
FN:14,(anonymous_7)
FN:81,(anonymous_8)
FN:85,(anonymous_9)
FN:91,(anonymous_10)
FN:97,(anonymous_11)
FN:99,(anonymous_12)
FN:103,(anonymous_13)
FN:105,(anonymous_14)
FN:109,(anonymous_15)
FN:110,(anonymous_16)
FN:113,(anonymous_17)
FN:114,(anonymous_18)
FN:118,(anonymous_19)
FN:119,(anonymous_20)
FN:122,(anonymous_21)
FN:122,(anonymous_22)
FN:20,(anonymous_23)
FN:24,(anonymous_24)
FN:32,(anonymous_25)
FN:36,(anonymous_26)
FN:41,(anonymous_27)
FN:45,(anonymous_28)
FN:49,(anonymous_29)
FN:52,(anonymous_30)
FN:56,(anonymous_31)
FN:60,(anonymous_32)
FN:64,(anonymous_33)
FN:65,(anonymous_34)
FN:68,(anonymous_35)
FN:69,(anonymous_36)
FN:72,(anonymous_37)
FN:76,(anonymous_38)
FNF:32
FNH:23
FNDA:11,(anonymous_7)
FNDA:18,(anonymous_8)
FNDA:0,(anonymous_9)
FNDA:0,(anonymous_10)
FNDA:0,(anonymous_11)
FNDA:0,(anonymous_12)
FNDA:1,(anonymous_13)
FNDA:2,(anonymous_14)
FNDA:0,(anonymous_15)
FNDA:0,(anonymous_16)
FNDA:1,(anonymous_17)
FNDA:2,(anonymous_18)
FNDA:21,(anonymous_19)
FNDA:42,(anonymous_20)
FNDA:13,(anonymous_21)
FNDA:13,(anonymous_22)
FNDA:0,(anonymous_23)
FNDA:13,(anonymous_24)
FNDA:56,(anonymous_25)
FNDA:3,(anonymous_26)
FNDA:4,(anonymous_27)
FNDA:2,(anonymous_28)
FNDA:2,(anonymous_29)
FNDA:2,(anonymous_30)
FNDA:1,(anonymous_31)
FNDA:4,(anonymous_32)
FNDA:2,(anonymous_33)
FNDA:2,(anonymous_34)
FNDA:15,(anonymous_35)
FNDA:26,(anonymous_36)
FNDA:0,(anonymous_37)
FNDA:0,(anonymous_38)
DA:2,1
DA:4,1
DA:5,11
DA:6,11
DA:7,11
DA:9,11
DA:10,11
DA:15,11
DA:17,11
DA:21,0
DA:25,13
DA:26,13
DA:28,13
DA:29,13
DA:33,56
DA:37,3
DA:38,3
DA:42,4
DA:46,2
DA:48,2
DA:49,2
DA:52,2
DA:57,1
DA:61,4
DA:65,2
DA:69,26
DA:73,0
DA:77,0
DA:81,11
DA:82,18
DA:85,11
DA:86,0
DA:87,0
DA:88,0
DA:91,11
DA:92,0
DA:93,0
DA:94,0
DA:97,11
DA:98,0
DA:99,0
DA:100,0
DA:103,11
DA:104,1
DA:105,2
DA:106,1
DA:109,11
DA:110,0
DA:113,11
DA:114,2
DA:115,1
DA:118,11
DA:119,42
DA:122,13
DA:123,13
LF:55
LH:42
BRDA:88,0,0,0
BRDA:88,0,1,0
BRDA:88,1,0,0
BRDA:88,1,1,0
BRDA:94,2,0,0
BRDA:94,2,1,0
BRDA:94,3,0,0
BRDA:94,3,1,0
BRDA:118,4,0,0
BRDA:122,5,0,0
BRDA:123,6,0,11
BRDA:123,6,1,2
BRDA:123,7,0,13
BRDA:123,7,1,13
BRDA:17,8,0,11
BRDA:17,8,1,0
BRDA:29,9,0,0
BRDA:29,9,1,13
BRDA:29,10,0,13
BRDA:29,10,1,13
BRDA:48,11,0,1
BRDA:48,11,1,1
BRDA:65,12,0,2
BRDA:65,12,1,2
BRDA:69,13,0,15
BRDA:69,13,1,13
BRF:26
BRH:14
end_of_record
TN:
SF:packages/mobx-form/src/configure-form.ts
FN:19,(anonymous_0)
FN:24,(anonymous_1)
FNF:2
FNH:2
FNDA:11,(anonymous_0)
FNDA:33,(anonymous_1)
DA:19,1
DA:20,11
DA:21,11
DA:24,1
DA:25,33
DA:26,0
LF:6
LH:5
BRDA:25,0,0,0
BRDA:25,1,0,33
BRDA:25,1,1,33
BRF:3
BRH:2
end_of_record
TN:
SF:packages/mobx-form/src/field-service.ts
FN:23,(anonymous_0)
FN:94,(anonymous_1)
FN:99,(anonymous_2)
FN:103,(anonymous_3)
FN:107,(anonymous_4)
FN:111,(anonymous_5)
FN:116,(anonymous_6)
FN:121,(anonymous_7)
FN:126,(anonymous_8)
FN:131,(anonymous_9)
FN:30,(anonymous_10)
FN:34,(anonymous_11)
FN:40,(anonymous_12)
FN:44,(anonymous_13)
FN:54,(anonymous_14)
FN:58,(anonymous_15)
FN:62,(anonymous_16)
FN:66,(anonymous_17)
FN:70,(anonymous_18)
FN:74,(anonymous_19)
FN:82,(anonymous_20)
FN:86,(anonymous_21)
FN:90,(anonymous_22)
FN:136,(anonymous_23)
FN:146,(anonymous_24)
FNF:25
FNH:16
FNDA:55,(anonymous_0)
FNDA:0,(anonymous_1)
FNDA:0,(anonymous_2)
FNDA:0,(anonymous_3)
FNDA:0,(anonymous_4)
FNDA:0,(anonymous_5)
FNDA:0,(anonymous_6)
FNDA:0,(anonymous_7)
FNDA:4,(anonymous_8)
FNDA:5,(anonymous_9)
FNDA:16,(anonymous_10)
FNDA:74,(anonymous_11)
FNDA:167,(anonymous_12)
FNDA:12,(anonymous_13)
FNDA:8,(anonymous_14)
FNDA:13,(anonymous_15)
FNDA:11,(anonymous_16)
FNDA:8,(anonymous_17)
FNDA:10,(anonymous_18)
FNDA:106,(anonymous_19)
FNDA:106,(anonymous_20)
FNDA:9,(anonymous_21)
FNDA:106,(anonymous_22)
FNDA:0,(anonymous_23)
FNDA:0,(anonymous_24)
DA:1,1
DA:2,1
DA:4,1
DA:5,1
DA:9,1
DA:10,55
DA:14,55
DA:15,55
DA:16,55
DA:17,55
DA:18,55
DA:19,55
DA:24,55
DA:26,55
DA:27,55
DA:31,16
DA:35,74
DA:36,74
DA:37,74
DA:41,167
DA:45,12
DA:47,12
DA:49,12
DA:50,12
DA:55,8
DA:59,13
DA:63,11
DA:67,8
DA:71,10
DA:75,106
DA:76,6
DA:79,100
DA:83,106
DA:87,9
DA:91,106
DA:94,55
DA:95,0
DA:96,0
DA:99,55
DA:100,0
DA:103,55
DA:104,0
DA:107,55
DA:108,0
DA:111,55
DA:112,0
DA:113,0
DA:116,55
DA:117,0
DA:118,0
DA:121,55
DA:122,0
DA:123,0
DA:126,55
DA:127,4
DA:128,4
DA:131,55
DA:132,5
DA:137,0
DA:143,0
DA:144,0
DA:147,0
DA:152,0
LF:63
LH:47
BRDA:113,0,0,0
BRDA:113,0,1,0
BRDA:113,1,0,0
BRDA:113,1,1,0
BRDA:118,2,0,0
BRDA:118,2,1,0
BRDA:118,3,0,0
BRDA:118,3,1,0
BRDA:37,4,0,66
BRDA:37,4,1,8
BRDA:37,5,0,74
BRDA:37,5,1,74
BRDA:49,6,0,12
BRDA:49,7,0,12
BRDA:49,7,1,12
BRDA:50,8,0,12
BRDA:50,8,1,0
BRDA:50,9,0,12
BRDA:50,9,1,12
BRDA:75,10,0,6
BRDA:91,11,0,106
BRDA:91,11,1,106
BRDA:143,12,0,0
BRDA:143,13,0,0
BRDA:143,13,1,0
BRDA:143,14,0,0
BRDA:143,14,1,0
BRDA:147,15,0,0
BRDA:147,15,1,0
BRDA:147,16,0,0
BRDA:147,16,1,0
BRDA:147,17,0,0
BRDA:147,17,1,0
BRF:33
BRH:13
end_of_record
TN:
SF:packages/mobx-form/src/form-service.ts
FN:15,(anonymous_7)
FN:29,(anonymous_8)
FN:33,(anonymous_9)
FN:33,(anonymous_10)
FN:48,(anonymous_11)
FN:48,(anonymous_12)
FN:52,(anonymous_13)
FN:52,(anonymous_14)
FN:69,(anonymous_15)
FN:146,(anonymous_16)
FN:156,(anonymous_17)
FN:176,(anonymous_18)
FN:178,(anonymous_19)
FN:188,(anonymous_20)
FN:197,(anonymous_21)
FN:203,(anonymous_22)
FN:206,(anonymous_23)
FN:220,(anonymous_24)
FN:223,(anonymous_25)
FN:231,(anonymous_26)
FN:234,(anonymous_27)
FN:242,(anonymous_28)
FN:243,(anonymous_29)
FN:265,(anonymous_30)
FN:266,(anonymous_31)
FN:274,(anonymous_32)
FN:275,(anonymous_33)
FN:282,(anonymous_34)
FN:283,(anonymous_35)
FN:289,(anonymous_36)
FN:290,(anonymous_37)
FN:293,(anonymous_38)
FN:294,(anonymous_39)
FN:77,(anonymous_40)
FN:84,(anonymous_41)
FN:89,(anonymous_42)
FN:102,(anonymous_43)
FN:107,(anonymous_44)
FN:120,(anonymous_45)
FN:127,(anonymous_46)
FN:132,(anonymous_47)
FN:250,(anonymous_48)
FN:253,(anonymous_49)
FNF:43
FNH:35
FNDA:33,(anonymous_7)
FNDA:0,(anonymous_8)
FNDA:0,(anonymous_9)
FNDA:0,(anonymous_10)
FNDA:54,(anonymous_11)
FNDA:54,(anonymous_12)
FNDA:70,(anonymous_13)
FNDA:70,(anonymous_14)
FNDA:0,(anonymous_15)
FNDA:54,(anonymous_16)
FNDA:70,(anonymous_17)
FNDA:0,(anonymous_18)
FNDA:0,(anonymous_19)
FNDA:514,(anonymous_20)
FNDA:302,(anonymous_21)
FNDA:33,(anonymous_22)
FNDA:55,(anonymous_23)
FNDA:3,(anonymous_24)
FNDA:5,(anonymous_25)
FNDA:9,(anonymous_26)
FNDA:15,(anonymous_27)
FNDA:1,(anonymous_28)
FNDA:3,(anonymous_29)
FNDA:3,(anonymous_30)
FNDA:5,(anonymous_31)
FNDA:0,(anonymous_32)
FNDA:0,(anonymous_33)
FNDA:3,(anonymous_34)
FNDA:5,(anonymous_35)
FNDA:3,(anonymous_36)
FNDA:5,(anonymous_37)
FNDA:3,(anonymous_38)
FNDA:5,(anonymous_39)
FNDA:36,(anonymous_40)
FNDA:5,(anonymous_41)
FNDA:7,(anonymous_42)
FNDA:32,(anonymous_43)
FNDA:40,(anonymous_44)
FNDA:2,(anonymous_45)
FNDA:5,(anonymous_46)
FNDA:9,(anonymous_47)
FNDA:58,(anonymous_48)
FNDA:78,(anonymous_49)
DA:1,1
DA:3,1
DA:4,1
DA:6,1
DA:7,1
DA:9,1
DA:19,33
DA:21,33
DA:23,33
DA:24,33
DA:26,33
DA:29,33
DA:30,0
DA:33,33
DA:34,0
DA:36,0
DA:37,0
DA:39,0
DA:48,54
DA:49,54
DA:52,70
DA:53,70
DA:54,8
DA:59,54
DA:61,54
DA:62,54
DA:65,0
DA:69,33
DA:70,0
DA:71,0
DA:78,36
DA:85,5
DA:87,5
DA:90,7
DA:91,6
DA:96,5
DA:103,32
DA:105,32
DA:108,40
DA:109,5
DA:114,32
DA:121,2
DA:128,5
DA:130,5
DA:133,9
DA:134,4
DA:139,5
DA:146,33
DA:147,54
DA:149,54
DA:150,70
DA:153,54
DA:156,33
DA:157,70
DA:158,70
DA:160,0
DA:161,0
DA:163,0
DA:164,0
DA:167,0
DA:170,0
DA:176,33
DA:177,0
DA:178,0
DA:179,0
DA:180,0
DA:184,0
DA:185,0
DA:188,33
DA:189,514
DA:194,302
DA:196,212
DA:197,212
DA:198,302
DA:203,33
DA:204,33
DA:207,55
DA:208,44
DA:211,11
DA:220,33
DA:221,3
DA:223,5
DA:231,33
DA:232,9
DA:234,15
DA:242,33
DA:243,3
DA:251,58
DA:254,78
DA:255,14
DA:265,33
DA:266,3
DA:267,5
DA:274,33
DA:275,0
DA:276,0
DA:282,33
DA:283,5
DA:289,33
DA:290,5
DA:293,33
DA:294,5
LF:102
LH:80
BRDA:36,0,0,0
BRDA:36,0,1,0
BRDA:37,1,0,0
BRDA:37,1,1,0
BRDA:37,2,0,0
BRDA:37,2,1,0
BRDA:39,3,0,0
BRDA:39,3,1,0
BRDA:39,4,0,0
BRDA:39,4,1,0
BRDA:48,5,0,10
BRDA:53,6,0,8
BRDA:54,7,0,0
BRDA:54,7,1,8
BRDA:54,8,0,8
BRDA:54,8,1,8
BRDA:59,9,0,0
BRDA:59,9,1,54
BRDA:59,10,0,54
BRDA:59,10,1,54
BRDA:61,11,0,54
BRDA:61,11,1,0
BRDA:61,12,0,54
BRDA:61,12,1,54
BRDA:61,13,0,54
BRDA:61,13,1,0
BRDA:157,14,0,70
BRDA:157,14,1,0
BRDA:157,15,0,70
BRDA:157,15,1,16
BRDA:157,15,2,8
BRDA:158,16,0,0
BRDA:158,16,1,70
BRDA:158,17,0,70
BRDA:158,17,1,70
BRDA:160,18,0,0
BRDA:164,19,0,0
BRDA:164,19,1,0
BRDA:164,20,0,0
BRDA:164,20,1,0
BRDA:179,21,0,0
BRDA:179,22,0,0
BRDA:179,22,1,0
BRDA:179,22,2,0
BRDA:179,22,3,0
BRDA:189,23,0,302
BRDA:189,23,1,212
BRDA:189,24,0,514
BRDA:189,24,1,302
BRDA:189,24,2,257
BRDA:196,25,0,212
BRDA:197,26,0,212
BRDA:197,26,1,0
BRDA:198,27,0,0
BRDA:198,27,1,302
BRDA:198,28,0,302
BRDA:198,28,1,302
BRDA:198,29,0,204
BRDA:198,29,1,98
BRDA:198,30,0,302
BRDA:198,30,1,302
BRDA:207,31,0,44
BRDA:207,31,1,11
BRDA:90,32,0,6
BRDA:108,33,0,5
BRDA:121,34,0,2
BRDA:121,34,1,0
BRDA:133,35,0,4
BRDA:250,36,0,0
BRDA:254,37,0,14
BRDA:254,38,0,78
BRDA:254,38,1,77
BRF:72
BRH:42
end_of_record
TN:
SF:packages/mobx-form/src/utils/check-types.ts
FN:1,(anonymous_0)
FN:4,(anonymous_1)
FN:7,(anonymous_2)
FN:9,(anonymous_3)
FN:11,(anonymous_4)
FN:13,(anonymous_5)
FN:15,(anonymous_6)
FNF:7
FNH:1
FNDA:106,(anonymous_0)
FNDA:0,(anonymous_1)
FNDA:0,(anonymous_2)
FNDA:0,(anonymous_3)
FNDA:0,(anonymous_4)
FNDA:0,(anonymous_5)
FNDA:0,(anonymous_6)
DA:1,1
DA:2,106
DA:4,1
DA:5,0
DA:7,1
DA:9,1
DA:11,1
DA:13,1
DA:15,1
DA:16,0
LF:10
LH:8
BRDA:2,0,0,106
BRDA:2,0,1,97
BRF:2
BRH:2
end_of_record
TN:
SF:packages/mobx-form/src/utils/index.ts
FNF:0
FNH:0
DA:1,1
DA:2,1
LF:2
LH:2
BRF:0
BRH:0
end_of_record
